[2026-06-17T16:57:16.638+0000] {local_task_job_runner.py:120} INFO - ::group::Pre task execution logs
[2026-06-17T16:57:16.669+0000] {taskinstance.py:2076} INFO - Dependencies all met for dep_context=non-requeueable deps ti=<TaskInstance: seip_job_seeker_pipeline.load_job_seekers manual__2026-06-17T16:57:15.443571+00:00 [queued]>
[2026-06-17T16:57:16.677+0000] {taskinstance.py:2076} INFO - Dependencies all met for dep_context=requeueable deps ti=<TaskInstance: seip_job_seeker_pipeline.load_job_seekers manual__2026-06-17T16:57:15.443571+00:00 [queued]>
[2026-06-17T16:57:16.678+0000] {taskinstance.py:2306} INFO - Starting attempt 1 of 1
[2026-06-17T16:57:16.690+0000] {taskinstance.py:2330} INFO - Executing <Task(PythonOperator): load_job_seekers> on 2026-06-17 16:57:15.443571+00:00
[2026-06-17T16:57:16.696+0000] {standard_task_runner.py:90} INFO - Running: ['airflow', 'tasks', 'run', 'seip_job_seeker_pipeline', 'load_job_seekers', 'manual__2026-06-17T16:57:15.443571+00:00', '--job-id', '4', '--raw', '--subdir', 'DAGS_FOLDER/seip_job_seeker_pipeline.py', '--cfg-path', '/tmp/tmpnfepsfyq']
[2026-06-17T16:57:16.698+0000] {standard_task_runner.py:91} INFO - Job 4: Subtask load_job_seekers
[2026-06-17T16:57:16.698+0000] {logging_mixin.py:188} WARNING - /home/airflow/.local/lib/python3.12/site-packages/airflow/task/task_runner/standard_task_runner.py:62 DeprecationWarning: This process (pid=740) is multi-threaded, use of fork() may lead to deadlocks in the child.
[2026-06-17T16:57:16.700+0000] {standard_task_runner.py:64} INFO - Started process 741 to run task
[2026-06-17T16:57:16.742+0000] {task_command.py:426} INFO - Running <TaskInstance: seip_job_seeker_pipeline.load_job_seekers manual__2026-06-17T16:57:15.443571+00:00 [running]> on host 67a30458eaf9
[2026-06-17T16:57:16.813+0000] {taskinstance.py:2648} INFO - Exporting env vars: AIRFLOW_CTX_DAG_OWNER='airflow' AIRFLOW_CTX_DAG_ID='seip_job_seeker_pipeline' AIRFLOW_CTX_TASK_ID='load_job_seekers' AIRFLOW_CTX_EXECUTION_DATE='2026-06-17T16:57:15.443571+00:00' AIRFLOW_CTX_TRY_NUMBER='1' AIRFLOW_CTX_DAG_RUN_ID='manual__2026-06-17T16:57:15.443571+00:00'
[2026-06-17T16:57:16.814+0000] {taskinstance.py:430} INFO - ::endgroup::
[2026-06-17T16:57:16.876+0000] {taskinstance.py:441} INFO - ::group::Post task execution logs
[2026-06-17T16:57:16.877+0000] {taskinstance.py:2905} ERROR - Task failed with exception
Traceback (most recent call last):
  File "/home/airflow/.local/lib/python3.12/site-packages/airflow/models/taskinstance.py", line 465, in _execute_task
    result = _execute_callable(context=context, **execute_callable_kwargs)
             ^^^^^^^^^^^^^^^^^^^^^^^^^^^^^^^^^^^^^^^^^^^^^^^^^^^^^^^^^^^^^
  File "/home/airflow/.local/lib/python3.12/site-packages/airflow/models/taskinstance.py", line 432, in _execute_callable
    return execute_callable(context=context, **execute_callable_kwargs)
           ^^^^^^^^^^^^^^^^^^^^^^^^^^^^^^^^^^^^^^^^^^^^^^^^^^^^^^^^^^^^
  File "/home/airflow/.local/lib/python3.12/site-packages/airflow/models/baseoperator.py", line 401, in wrapper
    return func(self, *args, **kwargs)
           ^^^^^^^^^^^^^^^^^^^^^^^^^^^
  File "/home/airflow/.local/lib/python3.12/site-packages/airflow/operators/python.py", line 235, in execute
    return_value = self.execute_callable()
                   ^^^^^^^^^^^^^^^^^^^^^^^
  File "/home/airflow/.local/lib/python3.12/site-packages/airflow/operators/python.py", line 252, in execute_callable
    return self.python_callable(*self.op_args, **self.op_kwargs)
           ^^^^^^^^^^^^^^^^^^^^^^^^^^^^^^^^^^^^^^^^^^^^^^^^^^^^^
  File "/opt/airflow/dags/seip_job_seeker_pipeline.py", line 11, in run_job_seeker_etl
    subprocess.run(
  File "/usr/local/lib/python3.12/subprocess.py", line 571, in run
    raise CalledProcessError(retcode, process.args,
subprocess.CalledProcessError: Command '['python', 'run_phase_3b_job_seeker_to_postgres.py']' returned non-zero exit status 2.
[2026-06-17T16:57:16.890+0000] {taskinstance.py:1206} INFO - Marking task as FAILED. dag_id=seip_job_seeker_pipeline, task_id=load_job_seekers, run_id=manual__2026-06-17T16:57:15.443571+00:00, execution_date=20260617T165715, start_date=20260617T165716, end_date=20260617T165716
[2026-06-17T16:57:16.898+0000] {standard_task_runner.py:110} ERROR - Failed to execute job 4 for task load_job_seekers (Command '['python', 'run_phase_3b_job_seeker_to_postgres.py']' returned non-zero exit status 2.; 741)
[2026-06-17T16:57:16.916+0000] {local_task_job_runner.py:243} INFO - Task exited with return code 1
[2026-06-17T16:57:16.929+0000] {taskinstance.py:3503} INFO - 0 downstream tasks scheduled from follow-on schedule check
[2026-06-17T16:57:16.933+0000] {local_task_job_runner.py:222} INFO - ::endgroup::
