[2026-06-24T07:01:32.489+0000] {local_task_job_runner.py:120} INFO - ::group::Pre task execution logs
[2026-06-24T07:01:33.908+0000] {taskinstance.py:2076} INFO - Dependencies all met for dep_context=non-requeueable deps ti=<TaskInstance: seip_job_seeker_pipeline.load_job_seekers scheduled__2026-06-23T00:00:00+00:00 [queued]>
[2026-06-24T07:01:33.953+0000] {taskinstance.py:2076} INFO - Dependencies all met for dep_context=requeueable deps ti=<TaskInstance: seip_job_seeker_pipeline.load_job_seekers scheduled__2026-06-23T00:00:00+00:00 [queued]>
[2026-06-24T07:01:33.961+0000] {taskinstance.py:2306} INFO - Starting attempt 1 of 1
[2026-06-24T07:01:34.049+0000] {taskinstance.py:2330} INFO - Executing <Task(PythonOperator): load_job_seekers> on 2026-06-23 00:00:00+00:00
[2026-06-24T07:01:34.073+0000] {standard_task_runner.py:90} INFO - Running: ['airflow', 'tasks', 'run', 'seip_job_seeker_pipeline', 'load_job_seekers', 'scheduled__2026-06-23T00:00:00+00:00', '--job-id', '25', '--raw', '--subdir', 'DAGS_FOLDER/seip_job_seeker_pipeline.py', '--cfg-path', '/tmp/tmpvpeu346q']
[2026-06-24T07:01:34.087+0000] {logging_mixin.py:188} WARNING - /home/airflow/.local/lib/python3.12/site-packages/airflow/task/task_runner/standard_task_runner.py:62 DeprecationWarning: This process (pid=4314) is multi-threaded, use of fork() may lead to deadlocks in the child.
[2026-06-24T07:01:34.087+0000] {standard_task_runner.py:91} INFO - Job 25: Subtask load_job_seekers
[2026-06-24T07:01:34.092+0000] {standard_task_runner.py:64} INFO - Started process 4315 to run task
[2026-06-24T07:01:34.632+0000] {task_command.py:426} INFO - Running <TaskInstance: seip_job_seeker_pipeline.load_job_seekers scheduled__2026-06-23T00:00:00+00:00 [running]> on host 67a30458eaf9
[2026-06-24T07:01:34.955+0000] {taskinstance.py:2648} INFO - Exporting env vars: AIRFLOW_CTX_DAG_OWNER='airflow' AIRFLOW_CTX_DAG_ID='seip_job_seeker_pipeline' AIRFLOW_CTX_TASK_ID='load_job_seekers' AIRFLOW_CTX_EXECUTION_DATE='2026-06-23T00:00:00+00:00' AIRFLOW_CTX_TRY_NUMBER='1' AIRFLOW_CTX_DAG_RUN_ID='scheduled__2026-06-23T00:00:00+00:00'
[2026-06-24T07:01:34.958+0000] {taskinstance.py:430} INFO - ::endgroup::
[2026-06-24T07:01:37.276+0000] {taskinstance.py:441} INFO - ::group::Post task execution logs
[2026-06-24T07:01:37.292+0000] {taskinstance.py:2905} ERROR - Task failed with exception
Traceback (most recent call last):
  File "/home/airflow/.local/lib/python3.12/site-packages/airflow/models/taskinstance.py", line 465, in _execute_task
    result = _execute_callable(context=context, **execute_callable_kwargs)
             ^^^^^^^^^^^^^^^^^^^^^^^^^^^^^^^^^^^^^^^^^^^^^^^^^^^^^^^^^^^^^
  File "/home/airflow/.local/lib/python3.12/site-packages/airflow/models/taskinstance.py", line 432, in _execute_callable
    return execute_callable(context=context, **execute_callable_kwargs)
           ^^^^^^^^^^^^^^^^^^^^^^^^^^^^^^^^^^^^^^^^^^^^^^^^^^^^^^^^^^^^
  File "/home/airflow/.local/lib/python3.12/site-packages/airflow/models/baseoperator.py", line 401, in wrapper
    return func(self, *args, **kwargs)
           ^^^^^^^^^^^^^^^^^^^^^^^^^^^
  File "/home/airflow/.local/lib/python3.12/site-packages/airflow/operators/python.py", line 235, in execute
    return_value = self.execute_callable()
                   ^^^^^^^^^^^^^^^^^^^^^^^
  File "/home/airflow/.local/lib/python3.12/site-packages/airflow/operators/python.py", line 252, in execute_callable
    return self.python_callable(*self.op_args, **self.op_kwargs)
           ^^^^^^^^^^^^^^^^^^^^^^^^^^^^^^^^^^^^^^^^^^^^^^^^^^^^^
  File "/opt/airflow/dags/seip_job_seeker_pipeline.py", line 11, in run_job_seeker_etl
    subprocess.run(
  File "/usr/local/lib/python3.12/subprocess.py", line 571, in run
    raise CalledProcessError(retcode, process.args,
subprocess.CalledProcessError: Command '['python', 'run_phase_3b_job_seeker_to_postgres.py']' returned non-zero exit status 2.
[2026-06-24T07:01:37.699+0000] {taskinstance.py:1206} INFO - Marking task as FAILED. dag_id=seip_job_seeker_pipeline, task_id=load_job_seekers, run_id=scheduled__2026-06-23T00:00:00+00:00, execution_date=20260623T000000, start_date=20260624T070133, end_date=20260624T070137
[2026-06-24T07:01:37.851+0000] {standard_task_runner.py:110} ERROR - Failed to execute job 25 for task load_job_seekers (Command '['python', 'run_phase_3b_job_seeker_to_postgres.py']' returned non-zero exit status 2.; 4315)
[2026-06-24T07:01:37.941+0000] {local_task_job_runner.py:243} INFO - Task exited with return code 1
[2026-06-24T07:01:38.014+0000] {taskinstance.py:3503} INFO - 0 downstream tasks scheduled from follow-on schedule check
[2026-06-24T07:01:38.026+0000] {local_task_job_runner.py:222} INFO - ::endgroup::
