[2026-06-15T20:04:35.749+0000] {processor.py:161} INFO - Started process (PID=497) to work on /opt/airflow/dags/seip_databricks_lakehouse_placeholder.py
[2026-06-15T20:04:35.751+0000] {processor.py:830} INFO - Processing file /opt/airflow/dags/seip_databricks_lakehouse_placeholder.py for tasks to queue
[2026-06-15T20:04:35.762+0000] {logging_mixin.py:188} INFO - [2026-06-15T20:04:35.756+0000] {dagbag.py:545} INFO - Filling up the DagBag from /opt/airflow/dags/seip_databricks_lakehouse_placeholder.py
[2026-06-15T20:04:35.886+0000] {processor.py:840} INFO - DAG(s) 'seip_databricks_lakehouse_placeholder' retrieved from /opt/airflow/dags/seip_databricks_lakehouse_placeholder.py
[2026-06-15T20:04:36.054+0000] {logging_mixin.py:188} INFO - [2026-06-15T20:04:36.054+0000] {dag.py:3089} INFO - Sync 1 DAGs
[2026-06-15T20:04:36.106+0000] {logging_mixin.py:188} INFO - [2026-06-15T20:04:36.106+0000] {dag.py:3947} INFO - Setting next_dagrun for seip_databricks_lakehouse_placeholder to None, run_after=None
[2026-06-15T20:04:36.160+0000] {processor.py:183} INFO - Processing /opt/airflow/dags/seip_databricks_lakehouse_placeholder.py took 0.421 seconds
[2026-06-15T20:05:06.376+0000] {processor.py:161} INFO - Started process (PID=502) to work on /opt/airflow/dags/seip_databricks_lakehouse_placeholder.py
[2026-06-15T20:05:06.378+0000] {processor.py:830} INFO - Processing file /opt/airflow/dags/seip_databricks_lakehouse_placeholder.py for tasks to queue
[2026-06-15T20:05:06.381+0000] {logging_mixin.py:188} INFO - [2026-06-15T20:05:06.380+0000] {dagbag.py:545} INFO - Filling up the DagBag from /opt/airflow/dags/seip_databricks_lakehouse_placeholder.py
[2026-06-15T20:05:06.396+0000] {processor.py:840} INFO - DAG(s) 'seip_databricks_lakehouse_placeholder' retrieved from /opt/airflow/dags/seip_databricks_lakehouse_placeholder.py
[2026-06-15T20:05:06.475+0000] {logging_mixin.py:188} INFO - [2026-06-15T20:05:06.475+0000] {dag.py:3089} INFO - Sync 1 DAGs
[2026-06-15T20:05:06.501+0000] {logging_mixin.py:188} INFO - [2026-06-15T20:05:06.501+0000] {dag.py:3947} INFO - Setting next_dagrun for seip_databricks_lakehouse_placeholder to None, run_after=None
[2026-06-15T20:05:06.521+0000] {processor.py:183} INFO - Processing /opt/airflow/dags/seip_databricks_lakehouse_placeholder.py took 0.149 seconds
[2026-06-15T20:05:36.616+0000] {processor.py:161} INFO - Started process (PID=507) to work on /opt/airflow/dags/seip_databricks_lakehouse_placeholder.py
[2026-06-15T20:05:36.618+0000] {processor.py:830} INFO - Processing file /opt/airflow/dags/seip_databricks_lakehouse_placeholder.py for tasks to queue
[2026-06-15T20:05:36.619+0000] {logging_mixin.py:188} INFO - [2026-06-15T20:05:36.619+0000] {dagbag.py:545} INFO - Filling up the DagBag from /opt/airflow/dags/seip_databricks_lakehouse_placeholder.py
[2026-06-15T20:05:36.653+0000] {processor.py:840} INFO - DAG(s) 'seip_databricks_lakehouse_placeholder' retrieved from /opt/airflow/dags/seip_databricks_lakehouse_placeholder.py
[2026-06-15T20:05:37.452+0000] {logging_mixin.py:188} INFO - [2026-06-15T20:05:37.452+0000] {dag.py:3089} INFO - Sync 1 DAGs
[2026-06-15T20:05:40.632+0000] {logging_mixin.py:188} INFO - [2026-06-15T20:05:40.632+0000] {dag.py:3947} INFO - Setting next_dagrun for seip_databricks_lakehouse_placeholder to None, run_after=None
[2026-06-15T20:05:40.690+0000] {processor.py:183} INFO - Processing /opt/airflow/dags/seip_databricks_lakehouse_placeholder.py took 4.084 seconds
[2026-06-15T20:06:10.887+0000] {processor.py:161} INFO - Started process (PID=512) to work on /opt/airflow/dags/seip_databricks_lakehouse_placeholder.py
[2026-06-15T20:06:10.889+0000] {processor.py:830} INFO - Processing file /opt/airflow/dags/seip_databricks_lakehouse_placeholder.py for tasks to queue
[2026-06-15T20:06:10.890+0000] {logging_mixin.py:188} INFO - [2026-06-15T20:06:10.890+0000] {dagbag.py:545} INFO - Filling up the DagBag from /opt/airflow/dags/seip_databricks_lakehouse_placeholder.py
[2026-06-15T20:06:10.906+0000] {processor.py:840} INFO - DAG(s) 'seip_databricks_lakehouse_placeholder' retrieved from /opt/airflow/dags/seip_databricks_lakehouse_placeholder.py
[2026-06-15T20:06:10.942+0000] {logging_mixin.py:188} INFO - [2026-06-15T20:06:10.942+0000] {dag.py:3089} INFO - Sync 1 DAGs
[2026-06-15T20:06:10.954+0000] {logging_mixin.py:188} INFO - [2026-06-15T20:06:10.954+0000] {dag.py:3947} INFO - Setting next_dagrun for seip_databricks_lakehouse_placeholder to None, run_after=None
[2026-06-15T20:06:10.975+0000] {processor.py:183} INFO - Processing /opt/airflow/dags/seip_databricks_lakehouse_placeholder.py took 0.094 seconds
[2026-06-15T20:08:57.251+0000] {processor.py:161} INFO - Started process (PID=163) to work on /opt/airflow/dags/seip_databricks_lakehouse_placeholder.py
[2026-06-15T20:08:57.253+0000] {processor.py:830} INFO - Processing file /opt/airflow/dags/seip_databricks_lakehouse_placeholder.py for tasks to queue
[2026-06-15T20:08:57.258+0000] {logging_mixin.py:188} INFO - [2026-06-15T20:08:57.257+0000] {dagbag.py:545} INFO - Filling up the DagBag from /opt/airflow/dags/seip_databricks_lakehouse_placeholder.py
[2026-06-15T20:08:57.296+0000] {processor.py:840} INFO - DAG(s) 'seip_databricks_lakehouse_placeholder' retrieved from /opt/airflow/dags/seip_databricks_lakehouse_placeholder.py
[2026-06-15T20:08:57.419+0000] {logging_mixin.py:188} INFO - [2026-06-15T20:08:57.419+0000] {dag.py:3089} INFO - Sync 1 DAGs
[2026-06-15T20:08:57.446+0000] {logging_mixin.py:188} INFO - [2026-06-15T20:08:57.445+0000] {dag.py:3947} INFO - Setting next_dagrun for seip_databricks_lakehouse_placeholder to None, run_after=None
[2026-06-15T20:08:57.485+0000] {processor.py:183} INFO - Processing /opt/airflow/dags/seip_databricks_lakehouse_placeholder.py took 0.244 seconds
[2026-06-15T20:09:27.698+0000] {processor.py:161} INFO - Started process (PID=169) to work on /opt/airflow/dags/seip_databricks_lakehouse_placeholder.py
[2026-06-15T20:09:27.700+0000] {processor.py:830} INFO - Processing file /opt/airflow/dags/seip_databricks_lakehouse_placeholder.py for tasks to queue
[2026-06-15T20:09:27.703+0000] {logging_mixin.py:188} INFO - [2026-06-15T20:09:27.703+0000] {dagbag.py:545} INFO - Filling up the DagBag from /opt/airflow/dags/seip_databricks_lakehouse_placeholder.py
[2026-06-15T20:09:27.724+0000] {processor.py:840} INFO - DAG(s) 'seip_databricks_lakehouse_placeholder' retrieved from /opt/airflow/dags/seip_databricks_lakehouse_placeholder.py
[2026-06-15T20:09:27.763+0000] {logging_mixin.py:188} INFO - [2026-06-15T20:09:27.762+0000] {dag.py:3089} INFO - Sync 1 DAGs
[2026-06-15T20:09:27.779+0000] {logging_mixin.py:188} INFO - [2026-06-15T20:09:27.778+0000] {dag.py:3947} INFO - Setting next_dagrun for seip_databricks_lakehouse_placeholder to None, run_after=None
[2026-06-15T20:09:27.806+0000] {processor.py:183} INFO - Processing /opt/airflow/dags/seip_databricks_lakehouse_placeholder.py took 0.116 seconds
[2026-06-15T20:09:57.885+0000] {processor.py:161} INFO - Started process (PID=174) to work on /opt/airflow/dags/seip_databricks_lakehouse_placeholder.py
[2026-06-15T20:09:57.886+0000] {processor.py:830} INFO - Processing file /opt/airflow/dags/seip_databricks_lakehouse_placeholder.py for tasks to queue
[2026-06-15T20:09:57.889+0000] {logging_mixin.py:188} INFO - [2026-06-15T20:09:57.888+0000] {dagbag.py:545} INFO - Filling up the DagBag from /opt/airflow/dags/seip_databricks_lakehouse_placeholder.py
[2026-06-15T20:09:57.906+0000] {processor.py:840} INFO - DAG(s) 'seip_databricks_lakehouse_placeholder' retrieved from /opt/airflow/dags/seip_databricks_lakehouse_placeholder.py
[2026-06-15T20:09:57.943+0000] {logging_mixin.py:188} INFO - [2026-06-15T20:09:57.943+0000] {dag.py:3089} INFO - Sync 1 DAGs
[2026-06-15T20:09:57.959+0000] {logging_mixin.py:188} INFO - [2026-06-15T20:09:57.958+0000] {dag.py:3947} INFO - Setting next_dagrun for seip_databricks_lakehouse_placeholder to None, run_after=None
[2026-06-15T20:09:57.983+0000] {processor.py:183} INFO - Processing /opt/airflow/dags/seip_databricks_lakehouse_placeholder.py took 0.106 seconds
[2026-06-15T20:10:28.179+0000] {processor.py:161} INFO - Started process (PID=179) to work on /opt/airflow/dags/seip_databricks_lakehouse_placeholder.py
[2026-06-15T20:10:28.180+0000] {processor.py:830} INFO - Processing file /opt/airflow/dags/seip_databricks_lakehouse_placeholder.py for tasks to queue
[2026-06-15T20:10:28.183+0000] {logging_mixin.py:188} INFO - [2026-06-15T20:10:28.182+0000] {dagbag.py:545} INFO - Filling up the DagBag from /opt/airflow/dags/seip_databricks_lakehouse_placeholder.py
[2026-06-15T20:10:28.197+0000] {processor.py:840} INFO - DAG(s) 'seip_databricks_lakehouse_placeholder' retrieved from /opt/airflow/dags/seip_databricks_lakehouse_placeholder.py
[2026-06-15T20:10:28.227+0000] {logging_mixin.py:188} INFO - [2026-06-15T20:10:28.227+0000] {dag.py:3089} INFO - Sync 1 DAGs
[2026-06-15T20:10:28.239+0000] {logging_mixin.py:188} INFO - [2026-06-15T20:10:28.238+0000] {dag.py:3947} INFO - Setting next_dagrun for seip_databricks_lakehouse_placeholder to None, run_after=None
[2026-06-15T20:10:28.265+0000] {processor.py:183} INFO - Processing /opt/airflow/dags/seip_databricks_lakehouse_placeholder.py took 0.093 seconds
[2026-06-15T20:10:58.399+0000] {processor.py:161} INFO - Started process (PID=184) to work on /opt/airflow/dags/seip_databricks_lakehouse_placeholder.py
[2026-06-15T20:10:58.400+0000] {processor.py:830} INFO - Processing file /opt/airflow/dags/seip_databricks_lakehouse_placeholder.py for tasks to queue
[2026-06-15T20:10:58.402+0000] {logging_mixin.py:188} INFO - [2026-06-15T20:10:58.401+0000] {dagbag.py:545} INFO - Filling up the DagBag from /opt/airflow/dags/seip_databricks_lakehouse_placeholder.py
[2026-06-15T20:10:58.416+0000] {processor.py:840} INFO - DAG(s) 'seip_databricks_lakehouse_placeholder' retrieved from /opt/airflow/dags/seip_databricks_lakehouse_placeholder.py
[2026-06-15T20:10:58.442+0000] {logging_mixin.py:188} INFO - [2026-06-15T20:10:58.442+0000] {dag.py:3089} INFO - Sync 1 DAGs
[2026-06-15T20:10:58.453+0000] {logging_mixin.py:188} INFO - [2026-06-15T20:10:58.453+0000] {dag.py:3947} INFO - Setting next_dagrun for seip_databricks_lakehouse_placeholder to None, run_after=None
[2026-06-15T20:10:58.480+0000] {processor.py:183} INFO - Processing /opt/airflow/dags/seip_databricks_lakehouse_placeholder.py took 0.088 seconds
[2026-06-15T20:11:28.667+0000] {processor.py:161} INFO - Started process (PID=189) to work on /opt/airflow/dags/seip_databricks_lakehouse_placeholder.py
[2026-06-15T20:11:28.668+0000] {processor.py:830} INFO - Processing file /opt/airflow/dags/seip_databricks_lakehouse_placeholder.py for tasks to queue
[2026-06-15T20:11:28.670+0000] {logging_mixin.py:188} INFO - [2026-06-15T20:11:28.670+0000] {dagbag.py:545} INFO - Filling up the DagBag from /opt/airflow/dags/seip_databricks_lakehouse_placeholder.py
[2026-06-15T20:11:28.684+0000] {processor.py:840} INFO - DAG(s) 'seip_databricks_lakehouse_placeholder' retrieved from /opt/airflow/dags/seip_databricks_lakehouse_placeholder.py
[2026-06-15T20:11:28.711+0000] {logging_mixin.py:188} INFO - [2026-06-15T20:11:28.711+0000] {dag.py:3089} INFO - Sync 1 DAGs
[2026-06-15T20:11:28.722+0000] {logging_mixin.py:188} INFO - [2026-06-15T20:11:28.721+0000] {dag.py:3947} INFO - Setting next_dagrun for seip_databricks_lakehouse_placeholder to None, run_after=None
[2026-06-15T20:11:28.748+0000] {processor.py:183} INFO - Processing /opt/airflow/dags/seip_databricks_lakehouse_placeholder.py took 0.086 seconds
[2026-06-15T20:11:58.912+0000] {processor.py:161} INFO - Started process (PID=194) to work on /opt/airflow/dags/seip_databricks_lakehouse_placeholder.py
[2026-06-15T20:11:58.913+0000] {processor.py:830} INFO - Processing file /opt/airflow/dags/seip_databricks_lakehouse_placeholder.py for tasks to queue
[2026-06-15T20:11:58.915+0000] {logging_mixin.py:188} INFO - [2026-06-15T20:11:58.915+0000] {dagbag.py:545} INFO - Filling up the DagBag from /opt/airflow/dags/seip_databricks_lakehouse_placeholder.py
[2026-06-15T20:11:58.931+0000] {processor.py:840} INFO - DAG(s) 'seip_databricks_lakehouse_placeholder' retrieved from /opt/airflow/dags/seip_databricks_lakehouse_placeholder.py
[2026-06-15T20:11:58.959+0000] {logging_mixin.py:188} INFO - [2026-06-15T20:11:58.958+0000] {dag.py:3089} INFO - Sync 1 DAGs
[2026-06-15T20:11:58.970+0000] {logging_mixin.py:188} INFO - [2026-06-15T20:11:58.970+0000] {dag.py:3947} INFO - Setting next_dagrun for seip_databricks_lakehouse_placeholder to None, run_after=None
[2026-06-15T20:11:58.986+0000] {processor.py:183} INFO - Processing /opt/airflow/dags/seip_databricks_lakehouse_placeholder.py took 0.080 seconds
[2026-06-15T20:12:29.152+0000] {processor.py:161} INFO - Started process (PID=199) to work on /opt/airflow/dags/seip_databricks_lakehouse_placeholder.py
[2026-06-15T20:12:29.153+0000] {processor.py:830} INFO - Processing file /opt/airflow/dags/seip_databricks_lakehouse_placeholder.py for tasks to queue
[2026-06-15T20:12:29.157+0000] {logging_mixin.py:188} INFO - [2026-06-15T20:12:29.156+0000] {dagbag.py:545} INFO - Filling up the DagBag from /opt/airflow/dags/seip_databricks_lakehouse_placeholder.py
[2026-06-15T20:12:29.198+0000] {processor.py:840} INFO - DAG(s) 'seip_databricks_lakehouse_placeholder' retrieved from /opt/airflow/dags/seip_databricks_lakehouse_placeholder.py
[2026-06-15T20:12:29.263+0000] {logging_mixin.py:188} INFO - [2026-06-15T20:12:29.263+0000] {dag.py:3089} INFO - Sync 1 DAGs
[2026-06-15T20:12:29.276+0000] {logging_mixin.py:188} INFO - [2026-06-15T20:12:29.276+0000] {dag.py:3947} INFO - Setting next_dagrun for seip_databricks_lakehouse_placeholder to None, run_after=None
[2026-06-15T20:12:29.431+0000] {processor.py:183} INFO - Processing /opt/airflow/dags/seip_databricks_lakehouse_placeholder.py took 0.286 seconds
[2026-06-15T20:12:59.671+0000] {processor.py:161} INFO - Started process (PID=204) to work on /opt/airflow/dags/seip_databricks_lakehouse_placeholder.py
[2026-06-15T20:12:59.673+0000] {processor.py:830} INFO - Processing file /opt/airflow/dags/seip_databricks_lakehouse_placeholder.py for tasks to queue
[2026-06-15T20:12:59.675+0000] {logging_mixin.py:188} INFO - [2026-06-15T20:12:59.675+0000] {dagbag.py:545} INFO - Filling up the DagBag from /opt/airflow/dags/seip_databricks_lakehouse_placeholder.py
[2026-06-15T20:12:59.689+0000] {processor.py:840} INFO - DAG(s) 'seip_databricks_lakehouse_placeholder' retrieved from /opt/airflow/dags/seip_databricks_lakehouse_placeholder.py
[2026-06-15T20:12:59.720+0000] {logging_mixin.py:188} INFO - [2026-06-15T20:12:59.720+0000] {dag.py:3089} INFO - Sync 1 DAGs
[2026-06-15T20:12:59.731+0000] {logging_mixin.py:188} INFO - [2026-06-15T20:12:59.731+0000] {dag.py:3947} INFO - Setting next_dagrun for seip_databricks_lakehouse_placeholder to None, run_after=None
[2026-06-15T20:12:59.759+0000] {processor.py:183} INFO - Processing /opt/airflow/dags/seip_databricks_lakehouse_placeholder.py took 0.093 seconds
[2026-06-15T20:13:29.860+0000] {processor.py:161} INFO - Started process (PID=209) to work on /opt/airflow/dags/seip_databricks_lakehouse_placeholder.py
[2026-06-15T20:13:29.861+0000] {processor.py:830} INFO - Processing file /opt/airflow/dags/seip_databricks_lakehouse_placeholder.py for tasks to queue
[2026-06-15T20:13:29.862+0000] {logging_mixin.py:188} INFO - [2026-06-15T20:13:29.862+0000] {dagbag.py:545} INFO - Filling up the DagBag from /opt/airflow/dags/seip_databricks_lakehouse_placeholder.py
[2026-06-15T20:13:29.878+0000] {processor.py:840} INFO - DAG(s) 'seip_databricks_lakehouse_placeholder' retrieved from /opt/airflow/dags/seip_databricks_lakehouse_placeholder.py
[2026-06-15T20:13:29.905+0000] {logging_mixin.py:188} INFO - [2026-06-15T20:13:29.905+0000] {dag.py:3089} INFO - Sync 1 DAGs
[2026-06-15T20:13:29.916+0000] {logging_mixin.py:188} INFO - [2026-06-15T20:13:29.916+0000] {dag.py:3947} INFO - Setting next_dagrun for seip_databricks_lakehouse_placeholder to None, run_after=None
[2026-06-15T20:13:29.944+0000] {processor.py:183} INFO - Processing /opt/airflow/dags/seip_databricks_lakehouse_placeholder.py took 0.089 seconds
[2026-06-15T20:14:00.151+0000] {processor.py:161} INFO - Started process (PID=214) to work on /opt/airflow/dags/seip_databricks_lakehouse_placeholder.py
[2026-06-15T20:14:00.152+0000] {processor.py:830} INFO - Processing file /opt/airflow/dags/seip_databricks_lakehouse_placeholder.py for tasks to queue
[2026-06-15T20:14:00.155+0000] {logging_mixin.py:188} INFO - [2026-06-15T20:14:00.155+0000] {dagbag.py:545} INFO - Filling up the DagBag from /opt/airflow/dags/seip_databricks_lakehouse_placeholder.py
[2026-06-15T20:14:00.170+0000] {processor.py:840} INFO - DAG(s) 'seip_databricks_lakehouse_placeholder' retrieved from /opt/airflow/dags/seip_databricks_lakehouse_placeholder.py
[2026-06-15T20:14:00.202+0000] {logging_mixin.py:188} INFO - [2026-06-15T20:14:00.202+0000] {dag.py:3089} INFO - Sync 1 DAGs
[2026-06-15T20:14:00.215+0000] {logging_mixin.py:188} INFO - [2026-06-15T20:14:00.215+0000] {dag.py:3947} INFO - Setting next_dagrun for seip_databricks_lakehouse_placeholder to None, run_after=None
[2026-06-15T20:14:00.237+0000] {processor.py:183} INFO - Processing /opt/airflow/dags/seip_databricks_lakehouse_placeholder.py took 0.093 seconds
[2026-06-15T20:14:30.313+0000] {processor.py:161} INFO - Started process (PID=219) to work on /opt/airflow/dags/seip_databricks_lakehouse_placeholder.py
[2026-06-15T20:14:30.314+0000] {processor.py:830} INFO - Processing file /opt/airflow/dags/seip_databricks_lakehouse_placeholder.py for tasks to queue
[2026-06-15T20:14:30.317+0000] {logging_mixin.py:188} INFO - [2026-06-15T20:14:30.317+0000] {dagbag.py:545} INFO - Filling up the DagBag from /opt/airflow/dags/seip_databricks_lakehouse_placeholder.py
[2026-06-15T20:14:30.337+0000] {processor.py:840} INFO - DAG(s) 'seip_databricks_lakehouse_placeholder' retrieved from /opt/airflow/dags/seip_databricks_lakehouse_placeholder.py
[2026-06-15T20:14:30.371+0000] {logging_mixin.py:188} INFO - [2026-06-15T20:14:30.371+0000] {dag.py:3089} INFO - Sync 1 DAGs
[2026-06-15T20:14:30.385+0000] {logging_mixin.py:188} INFO - [2026-06-15T20:14:30.384+0000] {dag.py:3947} INFO - Setting next_dagrun for seip_databricks_lakehouse_placeholder to None, run_after=None
[2026-06-15T20:14:30.405+0000] {processor.py:183} INFO - Processing /opt/airflow/dags/seip_databricks_lakehouse_placeholder.py took 0.101 seconds
[2026-06-15T20:15:00.588+0000] {processor.py:161} INFO - Started process (PID=224) to work on /opt/airflow/dags/seip_databricks_lakehouse_placeholder.py
[2026-06-15T20:15:00.589+0000] {processor.py:830} INFO - Processing file /opt/airflow/dags/seip_databricks_lakehouse_placeholder.py for tasks to queue
[2026-06-15T20:15:00.591+0000] {logging_mixin.py:188} INFO - [2026-06-15T20:15:00.591+0000] {dagbag.py:545} INFO - Filling up the DagBag from /opt/airflow/dags/seip_databricks_lakehouse_placeholder.py
[2026-06-15T20:15:00.608+0000] {processor.py:840} INFO - DAG(s) 'seip_databricks_lakehouse_placeholder' retrieved from /opt/airflow/dags/seip_databricks_lakehouse_placeholder.py
[2026-06-15T20:15:00.639+0000] {logging_mixin.py:188} INFO - [2026-06-15T20:15:00.639+0000] {dag.py:3089} INFO - Sync 1 DAGs
[2026-06-15T20:15:00.653+0000] {logging_mixin.py:188} INFO - [2026-06-15T20:15:00.653+0000] {dag.py:3947} INFO - Setting next_dagrun for seip_databricks_lakehouse_placeholder to None, run_after=None
[2026-06-15T20:15:00.674+0000] {processor.py:183} INFO - Processing /opt/airflow/dags/seip_databricks_lakehouse_placeholder.py took 0.092 seconds
[2026-06-15T20:15:30.779+0000] {processor.py:161} INFO - Started process (PID=229) to work on /opt/airflow/dags/seip_databricks_lakehouse_placeholder.py
[2026-06-15T20:15:30.780+0000] {processor.py:830} INFO - Processing file /opt/airflow/dags/seip_databricks_lakehouse_placeholder.py for tasks to queue
[2026-06-15T20:15:30.782+0000] {logging_mixin.py:188} INFO - [2026-06-15T20:15:30.782+0000] {dagbag.py:545} INFO - Filling up the DagBag from /opt/airflow/dags/seip_databricks_lakehouse_placeholder.py
[2026-06-15T20:15:30.795+0000] {processor.py:840} INFO - DAG(s) 'seip_databricks_lakehouse_placeholder' retrieved from /opt/airflow/dags/seip_databricks_lakehouse_placeholder.py
[2026-06-15T20:15:30.821+0000] {logging_mixin.py:188} INFO - [2026-06-15T20:15:30.821+0000] {dag.py:3089} INFO - Sync 1 DAGs
[2026-06-15T20:15:30.835+0000] {logging_mixin.py:188} INFO - [2026-06-15T20:15:30.834+0000] {dag.py:3947} INFO - Setting next_dagrun for seip_databricks_lakehouse_placeholder to None, run_after=None
[2026-06-15T20:15:30.860+0000] {processor.py:183} INFO - Processing /opt/airflow/dags/seip_databricks_lakehouse_placeholder.py took 0.086 seconds
[2026-06-15T20:16:00.999+0000] {processor.py:161} INFO - Started process (PID=234) to work on /opt/airflow/dags/seip_databricks_lakehouse_placeholder.py
[2026-06-15T20:16:01.000+0000] {processor.py:830} INFO - Processing file /opt/airflow/dags/seip_databricks_lakehouse_placeholder.py for tasks to queue
[2026-06-15T20:16:01.003+0000] {logging_mixin.py:188} INFO - [2026-06-15T20:16:01.002+0000] {dagbag.py:545} INFO - Filling up the DagBag from /opt/airflow/dags/seip_databricks_lakehouse_placeholder.py
[2026-06-15T20:16:01.018+0000] {processor.py:840} INFO - DAG(s) 'seip_databricks_lakehouse_placeholder' retrieved from /opt/airflow/dags/seip_databricks_lakehouse_placeholder.py
[2026-06-15T20:16:01.050+0000] {logging_mixin.py:188} INFO - [2026-06-15T20:16:01.050+0000] {dag.py:3089} INFO - Sync 1 DAGs
[2026-06-15T20:16:01.064+0000] {logging_mixin.py:188} INFO - [2026-06-15T20:16:01.064+0000] {dag.py:3947} INFO - Setting next_dagrun for seip_databricks_lakehouse_placeholder to None, run_after=None
[2026-06-15T20:16:01.089+0000] {processor.py:183} INFO - Processing /opt/airflow/dags/seip_databricks_lakehouse_placeholder.py took 0.096 seconds
[2026-06-15T20:16:31.161+0000] {processor.py:161} INFO - Started process (PID=239) to work on /opt/airflow/dags/seip_databricks_lakehouse_placeholder.py
[2026-06-15T20:16:31.162+0000] {processor.py:830} INFO - Processing file /opt/airflow/dags/seip_databricks_lakehouse_placeholder.py for tasks to queue
[2026-06-15T20:16:31.164+0000] {logging_mixin.py:188} INFO - [2026-06-15T20:16:31.164+0000] {dagbag.py:545} INFO - Filling up the DagBag from /opt/airflow/dags/seip_databricks_lakehouse_placeholder.py
[2026-06-15T20:16:31.179+0000] {processor.py:840} INFO - DAG(s) 'seip_databricks_lakehouse_placeholder' retrieved from /opt/airflow/dags/seip_databricks_lakehouse_placeholder.py
[2026-06-15T20:16:31.205+0000] {logging_mixin.py:188} INFO - [2026-06-15T20:16:31.205+0000] {dag.py:3089} INFO - Sync 1 DAGs
[2026-06-15T20:16:31.216+0000] {logging_mixin.py:188} INFO - [2026-06-15T20:16:31.216+0000] {dag.py:3947} INFO - Setting next_dagrun for seip_databricks_lakehouse_placeholder to None, run_after=None
[2026-06-15T20:16:31.236+0000] {processor.py:183} INFO - Processing /opt/airflow/dags/seip_databricks_lakehouse_placeholder.py took 0.080 seconds
[2026-06-15T20:17:01.419+0000] {processor.py:161} INFO - Started process (PID=244) to work on /opt/airflow/dags/seip_databricks_lakehouse_placeholder.py
[2026-06-15T20:17:01.420+0000] {processor.py:830} INFO - Processing file /opt/airflow/dags/seip_databricks_lakehouse_placeholder.py for tasks to queue
[2026-06-15T20:17:01.422+0000] {logging_mixin.py:188} INFO - [2026-06-15T20:17:01.422+0000] {dagbag.py:545} INFO - Filling up the DagBag from /opt/airflow/dags/seip_databricks_lakehouse_placeholder.py
[2026-06-15T20:17:01.434+0000] {processor.py:840} INFO - DAG(s) 'seip_databricks_lakehouse_placeholder' retrieved from /opt/airflow/dags/seip_databricks_lakehouse_placeholder.py
[2026-06-15T20:17:01.459+0000] {logging_mixin.py:188} INFO - [2026-06-15T20:17:01.458+0000] {dag.py:3089} INFO - Sync 1 DAGs
[2026-06-15T20:17:01.468+0000] {logging_mixin.py:188} INFO - [2026-06-15T20:17:01.468+0000] {dag.py:3947} INFO - Setting next_dagrun for seip_databricks_lakehouse_placeholder to None, run_after=None
[2026-06-15T20:17:01.523+0000] {processor.py:183} INFO - Processing /opt/airflow/dags/seip_databricks_lakehouse_placeholder.py took 0.107 seconds
[2026-06-15T20:17:31.615+0000] {processor.py:161} INFO - Started process (PID=249) to work on /opt/airflow/dags/seip_databricks_lakehouse_placeholder.py
[2026-06-15T20:17:31.616+0000] {processor.py:830} INFO - Processing file /opt/airflow/dags/seip_databricks_lakehouse_placeholder.py for tasks to queue
[2026-06-15T20:17:31.619+0000] {logging_mixin.py:188} INFO - [2026-06-15T20:17:31.619+0000] {dagbag.py:545} INFO - Filling up the DagBag from /opt/airflow/dags/seip_databricks_lakehouse_placeholder.py
[2026-06-15T20:17:31.635+0000] {processor.py:840} INFO - DAG(s) 'seip_databricks_lakehouse_placeholder' retrieved from /opt/airflow/dags/seip_databricks_lakehouse_placeholder.py
[2026-06-15T20:17:31.665+0000] {logging_mixin.py:188} INFO - [2026-06-15T20:17:31.665+0000] {dag.py:3089} INFO - Sync 1 DAGs
[2026-06-15T20:17:31.678+0000] {logging_mixin.py:188} INFO - [2026-06-15T20:17:31.678+0000] {dag.py:3947} INFO - Setting next_dagrun for seip_databricks_lakehouse_placeholder to None, run_after=None
[2026-06-15T20:17:31.700+0000] {processor.py:183} INFO - Processing /opt/airflow/dags/seip_databricks_lakehouse_placeholder.py took 0.089 seconds
[2026-06-15T20:18:01.815+0000] {processor.py:161} INFO - Started process (PID=254) to work on /opt/airflow/dags/seip_databricks_lakehouse_placeholder.py
[2026-06-15T20:18:01.816+0000] {processor.py:830} INFO - Processing file /opt/airflow/dags/seip_databricks_lakehouse_placeholder.py for tasks to queue
[2026-06-15T20:18:01.818+0000] {logging_mixin.py:188} INFO - [2026-06-15T20:18:01.818+0000] {dagbag.py:545} INFO - Filling up the DagBag from /opt/airflow/dags/seip_databricks_lakehouse_placeholder.py
[2026-06-15T20:18:01.832+0000] {processor.py:840} INFO - DAG(s) 'seip_databricks_lakehouse_placeholder' retrieved from /opt/airflow/dags/seip_databricks_lakehouse_placeholder.py
[2026-06-15T20:18:01.863+0000] {logging_mixin.py:188} INFO - [2026-06-15T20:18:01.862+0000] {dag.py:3089} INFO - Sync 1 DAGs
[2026-06-15T20:18:01.874+0000] {logging_mixin.py:188} INFO - [2026-06-15T20:18:01.874+0000] {dag.py:3947} INFO - Setting next_dagrun for seip_databricks_lakehouse_placeholder to None, run_after=None
[2026-06-15T20:18:01.898+0000] {processor.py:183} INFO - Processing /opt/airflow/dags/seip_databricks_lakehouse_placeholder.py took 0.088 seconds
[2026-06-15T20:18:32.029+0000] {processor.py:161} INFO - Started process (PID=259) to work on /opt/airflow/dags/seip_databricks_lakehouse_placeholder.py
[2026-06-15T20:18:32.030+0000] {processor.py:830} INFO - Processing file /opt/airflow/dags/seip_databricks_lakehouse_placeholder.py for tasks to queue
[2026-06-15T20:18:32.034+0000] {logging_mixin.py:188} INFO - [2026-06-15T20:18:32.033+0000] {dagbag.py:545} INFO - Filling up the DagBag from /opt/airflow/dags/seip_databricks_lakehouse_placeholder.py
[2026-06-15T20:18:32.050+0000] {processor.py:840} INFO - DAG(s) 'seip_databricks_lakehouse_placeholder' retrieved from /opt/airflow/dags/seip_databricks_lakehouse_placeholder.py
[2026-06-15T20:18:32.079+0000] {logging_mixin.py:188} INFO - [2026-06-15T20:18:32.079+0000] {dag.py:3089} INFO - Sync 1 DAGs
[2026-06-15T20:18:32.091+0000] {logging_mixin.py:188} INFO - [2026-06-15T20:18:32.090+0000] {dag.py:3947} INFO - Setting next_dagrun for seip_databricks_lakehouse_placeholder to None, run_after=None
[2026-06-15T20:18:32.114+0000] {processor.py:183} INFO - Processing /opt/airflow/dags/seip_databricks_lakehouse_placeholder.py took 0.091 seconds
[2026-06-15T20:19:02.259+0000] {processor.py:161} INFO - Started process (PID=264) to work on /opt/airflow/dags/seip_databricks_lakehouse_placeholder.py
[2026-06-15T20:19:02.260+0000] {processor.py:830} INFO - Processing file /opt/airflow/dags/seip_databricks_lakehouse_placeholder.py for tasks to queue
[2026-06-15T20:19:02.262+0000] {logging_mixin.py:188} INFO - [2026-06-15T20:19:02.262+0000] {dagbag.py:545} INFO - Filling up the DagBag from /opt/airflow/dags/seip_databricks_lakehouse_placeholder.py
[2026-06-15T20:19:02.275+0000] {processor.py:840} INFO - DAG(s) 'seip_databricks_lakehouse_placeholder' retrieved from /opt/airflow/dags/seip_databricks_lakehouse_placeholder.py
[2026-06-15T20:19:02.303+0000] {logging_mixin.py:188} INFO - [2026-06-15T20:19:02.303+0000] {dag.py:3089} INFO - Sync 1 DAGs
[2026-06-15T20:19:02.316+0000] {logging_mixin.py:188} INFO - [2026-06-15T20:19:02.316+0000] {dag.py:3947} INFO - Setting next_dagrun for seip_databricks_lakehouse_placeholder to None, run_after=None
[2026-06-15T20:19:02.334+0000] {processor.py:183} INFO - Processing /opt/airflow/dags/seip_databricks_lakehouse_placeholder.py took 0.080 seconds
[2026-06-15T20:19:32.477+0000] {processor.py:161} INFO - Started process (PID=269) to work on /opt/airflow/dags/seip_databricks_lakehouse_placeholder.py
[2026-06-15T20:19:32.478+0000] {processor.py:830} INFO - Processing file /opt/airflow/dags/seip_databricks_lakehouse_placeholder.py for tasks to queue
[2026-06-15T20:19:32.480+0000] {logging_mixin.py:188} INFO - [2026-06-15T20:19:32.479+0000] {dagbag.py:545} INFO - Filling up the DagBag from /opt/airflow/dags/seip_databricks_lakehouse_placeholder.py
[2026-06-15T20:19:32.493+0000] {processor.py:840} INFO - DAG(s) 'seip_databricks_lakehouse_placeholder' retrieved from /opt/airflow/dags/seip_databricks_lakehouse_placeholder.py
[2026-06-15T20:19:32.523+0000] {logging_mixin.py:188} INFO - [2026-06-15T20:19:32.523+0000] {dag.py:3089} INFO - Sync 1 DAGs
[2026-06-15T20:19:32.536+0000] {logging_mixin.py:188} INFO - [2026-06-15T20:19:32.536+0000] {dag.py:3947} INFO - Setting next_dagrun for seip_databricks_lakehouse_placeholder to None, run_after=None
[2026-06-15T20:19:32.563+0000] {processor.py:183} INFO - Processing /opt/airflow/dags/seip_databricks_lakehouse_placeholder.py took 0.091 seconds
[2026-06-15T20:20:02.706+0000] {processor.py:161} INFO - Started process (PID=274) to work on /opt/airflow/dags/seip_databricks_lakehouse_placeholder.py
[2026-06-15T20:20:02.707+0000] {processor.py:830} INFO - Processing file /opt/airflow/dags/seip_databricks_lakehouse_placeholder.py for tasks to queue
[2026-06-15T20:20:02.711+0000] {logging_mixin.py:188} INFO - [2026-06-15T20:20:02.710+0000] {dagbag.py:545} INFO - Filling up the DagBag from /opt/airflow/dags/seip_databricks_lakehouse_placeholder.py
[2026-06-15T20:20:02.740+0000] {processor.py:840} INFO - DAG(s) 'seip_databricks_lakehouse_placeholder' retrieved from /opt/airflow/dags/seip_databricks_lakehouse_placeholder.py
[2026-06-15T20:20:02.772+0000] {logging_mixin.py:188} INFO - [2026-06-15T20:20:02.772+0000] {dag.py:3089} INFO - Sync 1 DAGs
[2026-06-15T20:20:02.785+0000] {logging_mixin.py:188} INFO - [2026-06-15T20:20:02.785+0000] {dag.py:3947} INFO - Setting next_dagrun for seip_databricks_lakehouse_placeholder to None, run_after=None
[2026-06-15T20:20:02.812+0000] {processor.py:183} INFO - Processing /opt/airflow/dags/seip_databricks_lakehouse_placeholder.py took 0.114 seconds
[2026-06-15T20:20:32.904+0000] {processor.py:161} INFO - Started process (PID=279) to work on /opt/airflow/dags/seip_databricks_lakehouse_placeholder.py
[2026-06-15T20:20:32.905+0000] {processor.py:830} INFO - Processing file /opt/airflow/dags/seip_databricks_lakehouse_placeholder.py for tasks to queue
[2026-06-15T20:20:32.907+0000] {logging_mixin.py:188} INFO - [2026-06-15T20:20:32.906+0000] {dagbag.py:545} INFO - Filling up the DagBag from /opt/airflow/dags/seip_databricks_lakehouse_placeholder.py
[2026-06-15T20:20:32.922+0000] {processor.py:840} INFO - DAG(s) 'seip_databricks_lakehouse_placeholder' retrieved from /opt/airflow/dags/seip_databricks_lakehouse_placeholder.py
[2026-06-15T20:20:32.952+0000] {logging_mixin.py:188} INFO - [2026-06-15T20:20:32.951+0000] {dag.py:3089} INFO - Sync 1 DAGs
[2026-06-15T20:20:32.965+0000] {logging_mixin.py:188} INFO - [2026-06-15T20:20:32.965+0000] {dag.py:3947} INFO - Setting next_dagrun for seip_databricks_lakehouse_placeholder to None, run_after=None
[2026-06-15T20:20:33.003+0000] {processor.py:183} INFO - Processing /opt/airflow/dags/seip_databricks_lakehouse_placeholder.py took 0.104 seconds
[2026-06-15T20:21:03.145+0000] {processor.py:161} INFO - Started process (PID=284) to work on /opt/airflow/dags/seip_databricks_lakehouse_placeholder.py
[2026-06-15T20:21:03.146+0000] {processor.py:830} INFO - Processing file /opt/airflow/dags/seip_databricks_lakehouse_placeholder.py for tasks to queue
[2026-06-15T20:21:03.149+0000] {logging_mixin.py:188} INFO - [2026-06-15T20:21:03.148+0000] {dagbag.py:545} INFO - Filling up the DagBag from /opt/airflow/dags/seip_databricks_lakehouse_placeholder.py
[2026-06-15T20:21:03.166+0000] {processor.py:840} INFO - DAG(s) 'seip_databricks_lakehouse_placeholder' retrieved from /opt/airflow/dags/seip_databricks_lakehouse_placeholder.py
[2026-06-15T20:21:03.200+0000] {logging_mixin.py:188} INFO - [2026-06-15T20:21:03.200+0000] {dag.py:3089} INFO - Sync 1 DAGs
[2026-06-15T20:21:03.214+0000] {logging_mixin.py:188} INFO - [2026-06-15T20:21:03.213+0000] {dag.py:3947} INFO - Setting next_dagrun for seip_databricks_lakehouse_placeholder to None, run_after=None
[2026-06-15T20:21:03.238+0000] {processor.py:183} INFO - Processing /opt/airflow/dags/seip_databricks_lakehouse_placeholder.py took 0.099 seconds
[2026-06-15T20:21:33.336+0000] {processor.py:161} INFO - Started process (PID=289) to work on /opt/airflow/dags/seip_databricks_lakehouse_placeholder.py
[2026-06-15T20:21:33.337+0000] {processor.py:830} INFO - Processing file /opt/airflow/dags/seip_databricks_lakehouse_placeholder.py for tasks to queue
[2026-06-15T20:21:33.339+0000] {logging_mixin.py:188} INFO - [2026-06-15T20:21:33.339+0000] {dagbag.py:545} INFO - Filling up the DagBag from /opt/airflow/dags/seip_databricks_lakehouse_placeholder.py
[2026-06-15T20:21:33.355+0000] {processor.py:840} INFO - DAG(s) 'seip_databricks_lakehouse_placeholder' retrieved from /opt/airflow/dags/seip_databricks_lakehouse_placeholder.py
[2026-06-15T20:21:33.401+0000] {logging_mixin.py:188} INFO - [2026-06-15T20:21:33.401+0000] {dag.py:3089} INFO - Sync 1 DAGs
[2026-06-15T20:21:33.425+0000] {logging_mixin.py:188} INFO - [2026-06-15T20:21:33.424+0000] {dag.py:3947} INFO - Setting next_dagrun for seip_databricks_lakehouse_placeholder to None, run_after=None
[2026-06-15T20:21:33.469+0000] {processor.py:183} INFO - Processing /opt/airflow/dags/seip_databricks_lakehouse_placeholder.py took 0.140 seconds
[2026-06-15T20:22:03.613+0000] {processor.py:161} INFO - Started process (PID=294) to work on /opt/airflow/dags/seip_databricks_lakehouse_placeholder.py
[2026-06-15T20:22:03.614+0000] {processor.py:830} INFO - Processing file /opt/airflow/dags/seip_databricks_lakehouse_placeholder.py for tasks to queue
[2026-06-15T20:22:03.617+0000] {logging_mixin.py:188} INFO - [2026-06-15T20:22:03.617+0000] {dagbag.py:545} INFO - Filling up the DagBag from /opt/airflow/dags/seip_databricks_lakehouse_placeholder.py
[2026-06-15T20:22:03.643+0000] {processor.py:840} INFO - DAG(s) 'seip_databricks_lakehouse_placeholder' retrieved from /opt/airflow/dags/seip_databricks_lakehouse_placeholder.py
[2026-06-15T20:22:03.683+0000] {logging_mixin.py:188} INFO - [2026-06-15T20:22:03.683+0000] {dag.py:3089} INFO - Sync 1 DAGs
[2026-06-15T20:22:03.696+0000] {logging_mixin.py:188} INFO - [2026-06-15T20:22:03.696+0000] {dag.py:3947} INFO - Setting next_dagrun for seip_databricks_lakehouse_placeholder to None, run_after=None
[2026-06-15T20:22:03.714+0000] {processor.py:183} INFO - Processing /opt/airflow/dags/seip_databricks_lakehouse_placeholder.py took 0.110 seconds
[2026-06-15T20:22:33.850+0000] {processor.py:161} INFO - Started process (PID=299) to work on /opt/airflow/dags/seip_databricks_lakehouse_placeholder.py
[2026-06-15T20:22:33.851+0000] {processor.py:830} INFO - Processing file /opt/airflow/dags/seip_databricks_lakehouse_placeholder.py for tasks to queue
[2026-06-15T20:22:33.854+0000] {logging_mixin.py:188} INFO - [2026-06-15T20:22:33.853+0000] {dagbag.py:545} INFO - Filling up the DagBag from /opt/airflow/dags/seip_databricks_lakehouse_placeholder.py
[2026-06-15T20:22:33.873+0000] {processor.py:840} INFO - DAG(s) 'seip_databricks_lakehouse_placeholder' retrieved from /opt/airflow/dags/seip_databricks_lakehouse_placeholder.py
[2026-06-15T20:22:33.902+0000] {logging_mixin.py:188} INFO - [2026-06-15T20:22:33.902+0000] {dag.py:3089} INFO - Sync 1 DAGs
[2026-06-15T20:22:33.915+0000] {logging_mixin.py:188} INFO - [2026-06-15T20:22:33.915+0000] {dag.py:3947} INFO - Setting next_dagrun for seip_databricks_lakehouse_placeholder to None, run_after=None
[2026-06-15T20:22:33.932+0000] {processor.py:183} INFO - Processing /opt/airflow/dags/seip_databricks_lakehouse_placeholder.py took 0.087 seconds
[2026-06-15T20:23:04.112+0000] {processor.py:161} INFO - Started process (PID=304) to work on /opt/airflow/dags/seip_databricks_lakehouse_placeholder.py
[2026-06-15T20:23:04.114+0000] {processor.py:830} INFO - Processing file /opt/airflow/dags/seip_databricks_lakehouse_placeholder.py for tasks to queue
[2026-06-15T20:23:04.122+0000] {logging_mixin.py:188} INFO - [2026-06-15T20:23:04.121+0000] {dagbag.py:545} INFO - Filling up the DagBag from /opt/airflow/dags/seip_databricks_lakehouse_placeholder.py
[2026-06-15T20:23:04.154+0000] {processor.py:840} INFO - DAG(s) 'seip_databricks_lakehouse_placeholder' retrieved from /opt/airflow/dags/seip_databricks_lakehouse_placeholder.py
[2026-06-15T20:23:04.188+0000] {logging_mixin.py:188} INFO - [2026-06-15T20:23:04.187+0000] {dag.py:3089} INFO - Sync 1 DAGs
[2026-06-15T20:23:04.205+0000] {logging_mixin.py:188} INFO - [2026-06-15T20:23:04.205+0000] {dag.py:3947} INFO - Setting next_dagrun for seip_databricks_lakehouse_placeholder to None, run_after=None
[2026-06-15T20:23:04.236+0000] {processor.py:183} INFO - Processing /opt/airflow/dags/seip_databricks_lakehouse_placeholder.py took 0.132 seconds
[2026-06-15T20:23:34.329+0000] {processor.py:161} INFO - Started process (PID=309) to work on /opt/airflow/dags/seip_databricks_lakehouse_placeholder.py
[2026-06-15T20:23:34.330+0000] {processor.py:830} INFO - Processing file /opt/airflow/dags/seip_databricks_lakehouse_placeholder.py for tasks to queue
[2026-06-15T20:23:34.332+0000] {logging_mixin.py:188} INFO - [2026-06-15T20:23:34.332+0000] {dagbag.py:545} INFO - Filling up the DagBag from /opt/airflow/dags/seip_databricks_lakehouse_placeholder.py
[2026-06-15T20:23:34.347+0000] {processor.py:840} INFO - DAG(s) 'seip_databricks_lakehouse_placeholder' retrieved from /opt/airflow/dags/seip_databricks_lakehouse_placeholder.py
[2026-06-15T20:23:34.381+0000] {logging_mixin.py:188} INFO - [2026-06-15T20:23:34.380+0000] {dag.py:3089} INFO - Sync 1 DAGs
[2026-06-15T20:23:34.392+0000] {logging_mixin.py:188} INFO - [2026-06-15T20:23:34.392+0000] {dag.py:3947} INFO - Setting next_dagrun for seip_databricks_lakehouse_placeholder to None, run_after=None
[2026-06-15T20:23:34.417+0000] {processor.py:183} INFO - Processing /opt/airflow/dags/seip_databricks_lakehouse_placeholder.py took 0.094 seconds
[2026-06-15T20:24:04.635+0000] {processor.py:161} INFO - Started process (PID=314) to work on /opt/airflow/dags/seip_databricks_lakehouse_placeholder.py
[2026-06-15T20:24:04.636+0000] {processor.py:830} INFO - Processing file /opt/airflow/dags/seip_databricks_lakehouse_placeholder.py for tasks to queue
[2026-06-15T20:24:04.638+0000] {logging_mixin.py:188} INFO - [2026-06-15T20:24:04.638+0000] {dagbag.py:545} INFO - Filling up the DagBag from /opt/airflow/dags/seip_databricks_lakehouse_placeholder.py
[2026-06-15T20:24:04.655+0000] {processor.py:840} INFO - DAG(s) 'seip_databricks_lakehouse_placeholder' retrieved from /opt/airflow/dags/seip_databricks_lakehouse_placeholder.py
[2026-06-15T20:24:04.683+0000] {logging_mixin.py:188} INFO - [2026-06-15T20:24:04.682+0000] {dag.py:3089} INFO - Sync 1 DAGs
[2026-06-15T20:24:04.694+0000] {logging_mixin.py:188} INFO - [2026-06-15T20:24:04.694+0000] {dag.py:3947} INFO - Setting next_dagrun for seip_databricks_lakehouse_placeholder to None, run_after=None
[2026-06-15T20:24:04.709+0000] {processor.py:183} INFO - Processing /opt/airflow/dags/seip_databricks_lakehouse_placeholder.py took 0.079 seconds
[2026-06-15T20:24:34.835+0000] {processor.py:161} INFO - Started process (PID=319) to work on /opt/airflow/dags/seip_databricks_lakehouse_placeholder.py
[2026-06-15T20:24:34.836+0000] {processor.py:830} INFO - Processing file /opt/airflow/dags/seip_databricks_lakehouse_placeholder.py for tasks to queue
[2026-06-15T20:24:34.838+0000] {logging_mixin.py:188} INFO - [2026-06-15T20:24:34.837+0000] {dagbag.py:545} INFO - Filling up the DagBag from /opt/airflow/dags/seip_databricks_lakehouse_placeholder.py
[2026-06-15T20:24:34.851+0000] {processor.py:840} INFO - DAG(s) 'seip_databricks_lakehouse_placeholder' retrieved from /opt/airflow/dags/seip_databricks_lakehouse_placeholder.py
[2026-06-15T20:24:34.879+0000] {logging_mixin.py:188} INFO - [2026-06-15T20:24:34.879+0000] {dag.py:3089} INFO - Sync 1 DAGs
[2026-06-15T20:24:34.890+0000] {logging_mixin.py:188} INFO - [2026-06-15T20:24:34.890+0000] {dag.py:3947} INFO - Setting next_dagrun for seip_databricks_lakehouse_placeholder to None, run_after=None
[2026-06-15T20:24:34.914+0000] {processor.py:183} INFO - Processing /opt/airflow/dags/seip_databricks_lakehouse_placeholder.py took 0.084 seconds
[2026-06-15T20:25:05.093+0000] {processor.py:161} INFO - Started process (PID=324) to work on /opt/airflow/dags/seip_databricks_lakehouse_placeholder.py
[2026-06-15T20:25:05.094+0000] {processor.py:830} INFO - Processing file /opt/airflow/dags/seip_databricks_lakehouse_placeholder.py for tasks to queue
[2026-06-15T20:25:05.096+0000] {logging_mixin.py:188} INFO - [2026-06-15T20:25:05.096+0000] {dagbag.py:545} INFO - Filling up the DagBag from /opt/airflow/dags/seip_databricks_lakehouse_placeholder.py
[2026-06-15T20:25:05.109+0000] {processor.py:840} INFO - DAG(s) 'seip_databricks_lakehouse_placeholder' retrieved from /opt/airflow/dags/seip_databricks_lakehouse_placeholder.py
[2026-06-15T20:25:05.134+0000] {logging_mixin.py:188} INFO - [2026-06-15T20:25:05.134+0000] {dag.py:3089} INFO - Sync 1 DAGs
[2026-06-15T20:25:05.146+0000] {logging_mixin.py:188} INFO - [2026-06-15T20:25:05.145+0000] {dag.py:3947} INFO - Setting next_dagrun for seip_databricks_lakehouse_placeholder to None, run_after=None
[2026-06-15T20:25:05.163+0000] {processor.py:183} INFO - Processing /opt/airflow/dags/seip_databricks_lakehouse_placeholder.py took 0.075 seconds
[2026-06-15T20:25:35.325+0000] {processor.py:161} INFO - Started process (PID=329) to work on /opt/airflow/dags/seip_databricks_lakehouse_placeholder.py
[2026-06-15T20:25:35.326+0000] {processor.py:830} INFO - Processing file /opt/airflow/dags/seip_databricks_lakehouse_placeholder.py for tasks to queue
[2026-06-15T20:25:35.328+0000] {logging_mixin.py:188} INFO - [2026-06-15T20:25:35.328+0000] {dagbag.py:545} INFO - Filling up the DagBag from /opt/airflow/dags/seip_databricks_lakehouse_placeholder.py
[2026-06-15T20:25:35.343+0000] {processor.py:840} INFO - DAG(s) 'seip_databricks_lakehouse_placeholder' retrieved from /opt/airflow/dags/seip_databricks_lakehouse_placeholder.py
[2026-06-15T20:25:35.368+0000] {logging_mixin.py:188} INFO - [2026-06-15T20:25:35.368+0000] {dag.py:3089} INFO - Sync 1 DAGs
[2026-06-15T20:25:35.380+0000] {logging_mixin.py:188} INFO - [2026-06-15T20:25:35.379+0000] {dag.py:3947} INFO - Setting next_dagrun for seip_databricks_lakehouse_placeholder to None, run_after=None
[2026-06-15T20:25:35.405+0000] {processor.py:183} INFO - Processing /opt/airflow/dags/seip_databricks_lakehouse_placeholder.py took 0.087 seconds
[2026-06-15T20:26:05.581+0000] {processor.py:161} INFO - Started process (PID=334) to work on /opt/airflow/dags/seip_databricks_lakehouse_placeholder.py
[2026-06-15T20:26:05.582+0000] {processor.py:830} INFO - Processing file /opt/airflow/dags/seip_databricks_lakehouse_placeholder.py for tasks to queue
[2026-06-15T20:26:05.585+0000] {logging_mixin.py:188} INFO - [2026-06-15T20:26:05.584+0000] {dagbag.py:545} INFO - Filling up the DagBag from /opt/airflow/dags/seip_databricks_lakehouse_placeholder.py
[2026-06-15T20:26:05.605+0000] {processor.py:840} INFO - DAG(s) 'seip_databricks_lakehouse_placeholder' retrieved from /opt/airflow/dags/seip_databricks_lakehouse_placeholder.py
[2026-06-15T20:26:05.635+0000] {logging_mixin.py:188} INFO - [2026-06-15T20:26:05.635+0000] {dag.py:3089} INFO - Sync 1 DAGs
[2026-06-15T20:26:05.648+0000] {logging_mixin.py:188} INFO - [2026-06-15T20:26:05.648+0000] {dag.py:3947} INFO - Setting next_dagrun for seip_databricks_lakehouse_placeholder to None, run_after=None
[2026-06-15T20:26:05.669+0000] {processor.py:183} INFO - Processing /opt/airflow/dags/seip_databricks_lakehouse_placeholder.py took 0.094 seconds
[2026-06-15T20:26:35.784+0000] {processor.py:161} INFO - Started process (PID=339) to work on /opt/airflow/dags/seip_databricks_lakehouse_placeholder.py
[2026-06-15T20:26:35.785+0000] {processor.py:830} INFO - Processing file /opt/airflow/dags/seip_databricks_lakehouse_placeholder.py for tasks to queue
[2026-06-15T20:26:35.787+0000] {logging_mixin.py:188} INFO - [2026-06-15T20:26:35.787+0000] {dagbag.py:545} INFO - Filling up the DagBag from /opt/airflow/dags/seip_databricks_lakehouse_placeholder.py
[2026-06-15T20:26:35.802+0000] {processor.py:840} INFO - DAG(s) 'seip_databricks_lakehouse_placeholder' retrieved from /opt/airflow/dags/seip_databricks_lakehouse_placeholder.py
[2026-06-15T20:26:35.830+0000] {logging_mixin.py:188} INFO - [2026-06-15T20:26:35.830+0000] {dag.py:3089} INFO - Sync 1 DAGs
[2026-06-15T20:26:35.841+0000] {logging_mixin.py:188} INFO - [2026-06-15T20:26:35.841+0000] {dag.py:3947} INFO - Setting next_dagrun for seip_databricks_lakehouse_placeholder to None, run_after=None
[2026-06-15T20:26:35.865+0000] {processor.py:183} INFO - Processing /opt/airflow/dags/seip_databricks_lakehouse_placeholder.py took 0.087 seconds
[2026-06-15T20:27:06.034+0000] {processor.py:161} INFO - Started process (PID=344) to work on /opt/airflow/dags/seip_databricks_lakehouse_placeholder.py
[2026-06-15T20:27:06.035+0000] {processor.py:830} INFO - Processing file /opt/airflow/dags/seip_databricks_lakehouse_placeholder.py for tasks to queue
[2026-06-15T20:27:06.038+0000] {logging_mixin.py:188} INFO - [2026-06-15T20:27:06.038+0000] {dagbag.py:545} INFO - Filling up the DagBag from /opt/airflow/dags/seip_databricks_lakehouse_placeholder.py
[2026-06-15T20:27:06.058+0000] {processor.py:840} INFO - DAG(s) 'seip_databricks_lakehouse_placeholder' retrieved from /opt/airflow/dags/seip_databricks_lakehouse_placeholder.py
[2026-06-15T20:27:06.103+0000] {logging_mixin.py:188} INFO - [2026-06-15T20:27:06.103+0000] {dag.py:3089} INFO - Sync 1 DAGs
[2026-06-15T20:27:06.116+0000] {logging_mixin.py:188} INFO - [2026-06-15T20:27:06.116+0000] {dag.py:3947} INFO - Setting next_dagrun for seip_databricks_lakehouse_placeholder to None, run_after=None
[2026-06-15T20:27:06.135+0000] {processor.py:183} INFO - Processing /opt/airflow/dags/seip_databricks_lakehouse_placeholder.py took 0.108 seconds
[2026-06-15T20:27:36.225+0000] {processor.py:161} INFO - Started process (PID=349) to work on /opt/airflow/dags/seip_databricks_lakehouse_placeholder.py
[2026-06-15T20:27:36.226+0000] {processor.py:830} INFO - Processing file /opt/airflow/dags/seip_databricks_lakehouse_placeholder.py for tasks to queue
[2026-06-15T20:27:36.229+0000] {logging_mixin.py:188} INFO - [2026-06-15T20:27:36.228+0000] {dagbag.py:545} INFO - Filling up the DagBag from /opt/airflow/dags/seip_databricks_lakehouse_placeholder.py
[2026-06-15T20:27:36.245+0000] {processor.py:840} INFO - DAG(s) 'seip_databricks_lakehouse_placeholder' retrieved from /opt/airflow/dags/seip_databricks_lakehouse_placeholder.py
[2026-06-15T20:27:36.310+0000] {logging_mixin.py:188} INFO - [2026-06-15T20:27:36.310+0000] {dag.py:3089} INFO - Sync 1 DAGs
[2026-06-15T20:27:36.323+0000] {logging_mixin.py:188} INFO - [2026-06-15T20:27:36.323+0000] {dag.py:3947} INFO - Setting next_dagrun for seip_databricks_lakehouse_placeholder to None, run_after=None
[2026-06-15T20:27:36.496+0000] {processor.py:183} INFO - Processing /opt/airflow/dags/seip_databricks_lakehouse_placeholder.py took 0.278 seconds
[2026-06-15T20:28:06.722+0000] {processor.py:161} INFO - Started process (PID=354) to work on /opt/airflow/dags/seip_databricks_lakehouse_placeholder.py
[2026-06-15T20:28:06.723+0000] {processor.py:830} INFO - Processing file /opt/airflow/dags/seip_databricks_lakehouse_placeholder.py for tasks to queue
[2026-06-15T20:28:06.726+0000] {logging_mixin.py:188} INFO - [2026-06-15T20:28:06.725+0000] {dagbag.py:545} INFO - Filling up the DagBag from /opt/airflow/dags/seip_databricks_lakehouse_placeholder.py
[2026-06-15T20:28:06.738+0000] {processor.py:840} INFO - DAG(s) 'seip_databricks_lakehouse_placeholder' retrieved from /opt/airflow/dags/seip_databricks_lakehouse_placeholder.py
[2026-06-15T20:28:06.787+0000] {logging_mixin.py:188} INFO - [2026-06-15T20:28:06.787+0000] {dag.py:3089} INFO - Sync 1 DAGs
[2026-06-15T20:28:06.803+0000] {logging_mixin.py:188} INFO - [2026-06-15T20:28:06.802+0000] {dag.py:3947} INFO - Setting next_dagrun for seip_databricks_lakehouse_placeholder to None, run_after=None
[2026-06-15T20:28:06.829+0000] {processor.py:183} INFO - Processing /opt/airflow/dags/seip_databricks_lakehouse_placeholder.py took 0.113 seconds
[2026-06-15T20:28:36.931+0000] {processor.py:161} INFO - Started process (PID=359) to work on /opt/airflow/dags/seip_databricks_lakehouse_placeholder.py
[2026-06-15T20:28:36.932+0000] {processor.py:830} INFO - Processing file /opt/airflow/dags/seip_databricks_lakehouse_placeholder.py for tasks to queue
[2026-06-15T20:28:36.935+0000] {logging_mixin.py:188} INFO - [2026-06-15T20:28:36.934+0000] {dagbag.py:545} INFO - Filling up the DagBag from /opt/airflow/dags/seip_databricks_lakehouse_placeholder.py
[2026-06-15T20:28:36.951+0000] {processor.py:840} INFO - DAG(s) 'seip_databricks_lakehouse_placeholder' retrieved from /opt/airflow/dags/seip_databricks_lakehouse_placeholder.py
[2026-06-15T20:28:36.983+0000] {logging_mixin.py:188} INFO - [2026-06-15T20:28:36.983+0000] {dag.py:3089} INFO - Sync 1 DAGs
[2026-06-15T20:28:36.995+0000] {logging_mixin.py:188} INFO - [2026-06-15T20:28:36.994+0000] {dag.py:3947} INFO - Setting next_dagrun for seip_databricks_lakehouse_placeholder to None, run_after=None
[2026-06-15T20:28:37.017+0000] {processor.py:183} INFO - Processing /opt/airflow/dags/seip_databricks_lakehouse_placeholder.py took 0.093 seconds
[2026-06-15T20:29:07.274+0000] {processor.py:161} INFO - Started process (PID=364) to work on /opt/airflow/dags/seip_databricks_lakehouse_placeholder.py
[2026-06-15T20:29:07.275+0000] {processor.py:830} INFO - Processing file /opt/airflow/dags/seip_databricks_lakehouse_placeholder.py for tasks to queue
[2026-06-15T20:29:07.277+0000] {logging_mixin.py:188} INFO - [2026-06-15T20:29:07.277+0000] {dagbag.py:545} INFO - Filling up the DagBag from /opt/airflow/dags/seip_databricks_lakehouse_placeholder.py
[2026-06-15T20:29:07.291+0000] {processor.py:840} INFO - DAG(s) 'seip_databricks_lakehouse_placeholder' retrieved from /opt/airflow/dags/seip_databricks_lakehouse_placeholder.py
[2026-06-15T20:29:07.318+0000] {logging_mixin.py:188} INFO - [2026-06-15T20:29:07.318+0000] {dag.py:3089} INFO - Sync 1 DAGs
[2026-06-15T20:29:07.329+0000] {logging_mixin.py:188} INFO - [2026-06-15T20:29:07.329+0000] {dag.py:3947} INFO - Setting next_dagrun for seip_databricks_lakehouse_placeholder to None, run_after=None
[2026-06-15T20:29:07.355+0000] {processor.py:183} INFO - Processing /opt/airflow/dags/seip_databricks_lakehouse_placeholder.py took 0.086 seconds
[2026-06-15T20:29:37.509+0000] {processor.py:161} INFO - Started process (PID=369) to work on /opt/airflow/dags/seip_databricks_lakehouse_placeholder.py
[2026-06-15T20:29:37.510+0000] {processor.py:830} INFO - Processing file /opt/airflow/dags/seip_databricks_lakehouse_placeholder.py for tasks to queue
[2026-06-15T20:29:37.512+0000] {logging_mixin.py:188} INFO - [2026-06-15T20:29:37.512+0000] {dagbag.py:545} INFO - Filling up the DagBag from /opt/airflow/dags/seip_databricks_lakehouse_placeholder.py
[2026-06-15T20:29:37.525+0000] {processor.py:840} INFO - DAG(s) 'seip_databricks_lakehouse_placeholder' retrieved from /opt/airflow/dags/seip_databricks_lakehouse_placeholder.py
[2026-06-15T20:29:37.552+0000] {logging_mixin.py:188} INFO - [2026-06-15T20:29:37.552+0000] {dag.py:3089} INFO - Sync 1 DAGs
[2026-06-15T20:29:37.564+0000] {logging_mixin.py:188} INFO - [2026-06-15T20:29:37.564+0000] {dag.py:3947} INFO - Setting next_dagrun for seip_databricks_lakehouse_placeholder to None, run_after=None
[2026-06-15T20:29:37.590+0000] {processor.py:183} INFO - Processing /opt/airflow/dags/seip_databricks_lakehouse_placeholder.py took 0.085 seconds
[2026-06-15T20:30:07.735+0000] {processor.py:161} INFO - Started process (PID=374) to work on /opt/airflow/dags/seip_databricks_lakehouse_placeholder.py
[2026-06-15T20:30:07.736+0000] {processor.py:830} INFO - Processing file /opt/airflow/dags/seip_databricks_lakehouse_placeholder.py for tasks to queue
[2026-06-15T20:30:07.739+0000] {logging_mixin.py:188} INFO - [2026-06-15T20:30:07.738+0000] {dagbag.py:545} INFO - Filling up the DagBag from /opt/airflow/dags/seip_databricks_lakehouse_placeholder.py
[2026-06-15T20:30:07.753+0000] {processor.py:840} INFO - DAG(s) 'seip_databricks_lakehouse_placeholder' retrieved from /opt/airflow/dags/seip_databricks_lakehouse_placeholder.py
[2026-06-15T20:30:07.789+0000] {logging_mixin.py:188} INFO - [2026-06-15T20:30:07.789+0000] {dag.py:3089} INFO - Sync 1 DAGs
[2026-06-15T20:30:07.802+0000] {logging_mixin.py:188} INFO - [2026-06-15T20:30:07.802+0000] {dag.py:3947} INFO - Setting next_dagrun for seip_databricks_lakehouse_placeholder to None, run_after=None
[2026-06-15T20:30:07.823+0000] {processor.py:183} INFO - Processing /opt/airflow/dags/seip_databricks_lakehouse_placeholder.py took 0.093 seconds
[2026-06-15T20:30:38.010+0000] {processor.py:161} INFO - Started process (PID=379) to work on /opt/airflow/dags/seip_databricks_lakehouse_placeholder.py
[2026-06-15T20:30:38.010+0000] {processor.py:830} INFO - Processing file /opt/airflow/dags/seip_databricks_lakehouse_placeholder.py for tasks to queue
[2026-06-15T20:30:38.012+0000] {logging_mixin.py:188} INFO - [2026-06-15T20:30:38.012+0000] {dagbag.py:545} INFO - Filling up the DagBag from /opt/airflow/dags/seip_databricks_lakehouse_placeholder.py
[2026-06-15T20:30:38.026+0000] {processor.py:840} INFO - DAG(s) 'seip_databricks_lakehouse_placeholder' retrieved from /opt/airflow/dags/seip_databricks_lakehouse_placeholder.py
[2026-06-15T20:30:38.057+0000] {logging_mixin.py:188} INFO - [2026-06-15T20:30:38.057+0000] {dag.py:3089} INFO - Sync 1 DAGs
[2026-06-15T20:30:38.068+0000] {logging_mixin.py:188} INFO - [2026-06-15T20:30:38.068+0000] {dag.py:3947} INFO - Setting next_dagrun for seip_databricks_lakehouse_placeholder to None, run_after=None
[2026-06-15T20:30:38.089+0000] {processor.py:183} INFO - Processing /opt/airflow/dags/seip_databricks_lakehouse_placeholder.py took 0.085 seconds
[2026-06-15T20:31:08.264+0000] {processor.py:161} INFO - Started process (PID=384) to work on /opt/airflow/dags/seip_databricks_lakehouse_placeholder.py
[2026-06-15T20:31:08.265+0000] {processor.py:830} INFO - Processing file /opt/airflow/dags/seip_databricks_lakehouse_placeholder.py for tasks to queue
[2026-06-15T20:31:08.267+0000] {logging_mixin.py:188} INFO - [2026-06-15T20:31:08.267+0000] {dagbag.py:545} INFO - Filling up the DagBag from /opt/airflow/dags/seip_databricks_lakehouse_placeholder.py
[2026-06-15T20:31:08.282+0000] {processor.py:840} INFO - DAG(s) 'seip_databricks_lakehouse_placeholder' retrieved from /opt/airflow/dags/seip_databricks_lakehouse_placeholder.py
[2026-06-15T20:31:08.311+0000] {logging_mixin.py:188} INFO - [2026-06-15T20:31:08.311+0000] {dag.py:3089} INFO - Sync 1 DAGs
[2026-06-15T20:31:08.323+0000] {logging_mixin.py:188} INFO - [2026-06-15T20:31:08.323+0000] {dag.py:3947} INFO - Setting next_dagrun for seip_databricks_lakehouse_placeholder to None, run_after=None
[2026-06-15T20:31:08.349+0000] {processor.py:183} INFO - Processing /opt/airflow/dags/seip_databricks_lakehouse_placeholder.py took 0.090 seconds
[2026-06-15T20:31:38.485+0000] {processor.py:161} INFO - Started process (PID=389) to work on /opt/airflow/dags/seip_databricks_lakehouse_placeholder.py
[2026-06-15T20:31:38.486+0000] {processor.py:830} INFO - Processing file /opt/airflow/dags/seip_databricks_lakehouse_placeholder.py for tasks to queue
[2026-06-15T20:31:38.489+0000] {logging_mixin.py:188} INFO - [2026-06-15T20:31:38.488+0000] {dagbag.py:545} INFO - Filling up the DagBag from /opt/airflow/dags/seip_databricks_lakehouse_placeholder.py
[2026-06-15T20:31:38.504+0000] {processor.py:840} INFO - DAG(s) 'seip_databricks_lakehouse_placeholder' retrieved from /opt/airflow/dags/seip_databricks_lakehouse_placeholder.py
[2026-06-15T20:31:38.538+0000] {logging_mixin.py:188} INFO - [2026-06-15T20:31:38.538+0000] {dag.py:3089} INFO - Sync 1 DAGs
[2026-06-15T20:31:38.550+0000] {logging_mixin.py:188} INFO - [2026-06-15T20:31:38.550+0000] {dag.py:3947} INFO - Setting next_dagrun for seip_databricks_lakehouse_placeholder to None, run_after=None
[2026-06-15T20:31:38.574+0000] {processor.py:183} INFO - Processing /opt/airflow/dags/seip_databricks_lakehouse_placeholder.py took 0.096 seconds
[2026-06-15T20:32:08.690+0000] {processor.py:161} INFO - Started process (PID=394) to work on /opt/airflow/dags/seip_databricks_lakehouse_placeholder.py
[2026-06-15T20:32:08.691+0000] {processor.py:830} INFO - Processing file /opt/airflow/dags/seip_databricks_lakehouse_placeholder.py for tasks to queue
[2026-06-15T20:32:08.694+0000] {logging_mixin.py:188} INFO - [2026-06-15T20:32:08.694+0000] {dagbag.py:545} INFO - Filling up the DagBag from /opt/airflow/dags/seip_databricks_lakehouse_placeholder.py
[2026-06-15T20:32:08.717+0000] {processor.py:840} INFO - DAG(s) 'seip_databricks_lakehouse_placeholder' retrieved from /opt/airflow/dags/seip_databricks_lakehouse_placeholder.py
[2026-06-15T20:32:08.757+0000] {logging_mixin.py:188} INFO - [2026-06-15T20:32:08.757+0000] {dag.py:3089} INFO - Sync 1 DAGs
[2026-06-15T20:32:08.772+0000] {logging_mixin.py:188} INFO - [2026-06-15T20:32:08.772+0000] {dag.py:3947} INFO - Setting next_dagrun for seip_databricks_lakehouse_placeholder to None, run_after=None
[2026-06-15T20:32:08.796+0000] {processor.py:183} INFO - Processing /opt/airflow/dags/seip_databricks_lakehouse_placeholder.py took 0.117 seconds
[2026-06-15T20:32:38.990+0000] {processor.py:161} INFO - Started process (PID=399) to work on /opt/airflow/dags/seip_databricks_lakehouse_placeholder.py
[2026-06-15T20:32:38.991+0000] {processor.py:830} INFO - Processing file /opt/airflow/dags/seip_databricks_lakehouse_placeholder.py for tasks to queue
[2026-06-15T20:32:38.993+0000] {logging_mixin.py:188} INFO - [2026-06-15T20:32:38.993+0000] {dagbag.py:545} INFO - Filling up the DagBag from /opt/airflow/dags/seip_databricks_lakehouse_placeholder.py
[2026-06-15T20:32:39.009+0000] {processor.py:840} INFO - DAG(s) 'seip_databricks_lakehouse_placeholder' retrieved from /opt/airflow/dags/seip_databricks_lakehouse_placeholder.py
[2026-06-15T20:32:39.046+0000] {logging_mixin.py:188} INFO - [2026-06-15T20:32:39.046+0000] {dag.py:3089} INFO - Sync 1 DAGs
[2026-06-15T20:32:39.076+0000] {logging_mixin.py:188} INFO - [2026-06-15T20:32:39.076+0000] {dag.py:3947} INFO - Setting next_dagrun for seip_databricks_lakehouse_placeholder to None, run_after=None
[2026-06-15T20:32:39.127+0000] {processor.py:183} INFO - Processing /opt/airflow/dags/seip_databricks_lakehouse_placeholder.py took 0.142 seconds
[2026-06-15T20:33:09.200+0000] {processor.py:161} INFO - Started process (PID=404) to work on /opt/airflow/dags/seip_databricks_lakehouse_placeholder.py
[2026-06-15T20:33:09.201+0000] {processor.py:830} INFO - Processing file /opt/airflow/dags/seip_databricks_lakehouse_placeholder.py for tasks to queue
[2026-06-15T20:33:09.205+0000] {logging_mixin.py:188} INFO - [2026-06-15T20:33:09.205+0000] {dagbag.py:545} INFO - Filling up the DagBag from /opt/airflow/dags/seip_databricks_lakehouse_placeholder.py
[2026-06-15T20:33:09.222+0000] {processor.py:840} INFO - DAG(s) 'seip_databricks_lakehouse_placeholder' retrieved from /opt/airflow/dags/seip_databricks_lakehouse_placeholder.py
[2026-06-15T20:33:09.254+0000] {logging_mixin.py:188} INFO - [2026-06-15T20:33:09.253+0000] {dag.py:3089} INFO - Sync 1 DAGs
[2026-06-15T20:33:09.266+0000] {logging_mixin.py:188} INFO - [2026-06-15T20:33:09.265+0000] {dag.py:3947} INFO - Setting next_dagrun for seip_databricks_lakehouse_placeholder to None, run_after=None
[2026-06-15T20:33:09.284+0000] {processor.py:183} INFO - Processing /opt/airflow/dags/seip_databricks_lakehouse_placeholder.py took 0.091 seconds
[2026-06-15T20:33:39.423+0000] {processor.py:161} INFO - Started process (PID=409) to work on /opt/airflow/dags/seip_databricks_lakehouse_placeholder.py
[2026-06-15T20:33:39.425+0000] {processor.py:830} INFO - Processing file /opt/airflow/dags/seip_databricks_lakehouse_placeholder.py for tasks to queue
[2026-06-15T20:33:39.427+0000] {logging_mixin.py:188} INFO - [2026-06-15T20:33:39.426+0000] {dagbag.py:545} INFO - Filling up the DagBag from /opt/airflow/dags/seip_databricks_lakehouse_placeholder.py
[2026-06-15T20:33:39.443+0000] {processor.py:840} INFO - DAG(s) 'seip_databricks_lakehouse_placeholder' retrieved from /opt/airflow/dags/seip_databricks_lakehouse_placeholder.py
[2026-06-15T20:33:39.473+0000] {logging_mixin.py:188} INFO - [2026-06-15T20:33:39.473+0000] {dag.py:3089} INFO - Sync 1 DAGs
[2026-06-15T20:33:39.486+0000] {logging_mixin.py:188} INFO - [2026-06-15T20:33:39.485+0000] {dag.py:3947} INFO - Setting next_dagrun for seip_databricks_lakehouse_placeholder to None, run_after=None
[2026-06-15T20:33:39.503+0000] {processor.py:183} INFO - Processing /opt/airflow/dags/seip_databricks_lakehouse_placeholder.py took 0.087 seconds
[2026-06-15T20:34:09.717+0000] {processor.py:161} INFO - Started process (PID=414) to work on /opt/airflow/dags/seip_databricks_lakehouse_placeholder.py
[2026-06-15T20:34:09.719+0000] {processor.py:830} INFO - Processing file /opt/airflow/dags/seip_databricks_lakehouse_placeholder.py for tasks to queue
[2026-06-15T20:34:09.721+0000] {logging_mixin.py:188} INFO - [2026-06-15T20:34:09.720+0000] {dagbag.py:545} INFO - Filling up the DagBag from /opt/airflow/dags/seip_databricks_lakehouse_placeholder.py
[2026-06-15T20:34:09.735+0000] {processor.py:840} INFO - DAG(s) 'seip_databricks_lakehouse_placeholder' retrieved from /opt/airflow/dags/seip_databricks_lakehouse_placeholder.py
[2026-06-15T20:34:09.764+0000] {logging_mixin.py:188} INFO - [2026-06-15T20:34:09.764+0000] {dag.py:3089} INFO - Sync 1 DAGs
[2026-06-15T20:34:09.776+0000] {logging_mixin.py:188} INFO - [2026-06-15T20:34:09.776+0000] {dag.py:3947} INFO - Setting next_dagrun for seip_databricks_lakehouse_placeholder to None, run_after=None
[2026-06-15T20:34:09.794+0000] {processor.py:183} INFO - Processing /opt/airflow/dags/seip_databricks_lakehouse_placeholder.py took 0.082 seconds
[2026-06-15T20:34:39.935+0000] {processor.py:161} INFO - Started process (PID=419) to work on /opt/airflow/dags/seip_databricks_lakehouse_placeholder.py
[2026-06-15T20:34:39.936+0000] {processor.py:830} INFO - Processing file /opt/airflow/dags/seip_databricks_lakehouse_placeholder.py for tasks to queue
[2026-06-15T20:34:39.938+0000] {logging_mixin.py:188} INFO - [2026-06-15T20:34:39.938+0000] {dagbag.py:545} INFO - Filling up the DagBag from /opt/airflow/dags/seip_databricks_lakehouse_placeholder.py
[2026-06-15T20:34:39.952+0000] {processor.py:840} INFO - DAG(s) 'seip_databricks_lakehouse_placeholder' retrieved from /opt/airflow/dags/seip_databricks_lakehouse_placeholder.py
[2026-06-15T20:34:39.981+0000] {logging_mixin.py:188} INFO - [2026-06-15T20:34:39.980+0000] {dag.py:3089} INFO - Sync 1 DAGs
[2026-06-15T20:34:39.991+0000] {logging_mixin.py:188} INFO - [2026-06-15T20:34:39.991+0000] {dag.py:3947} INFO - Setting next_dagrun for seip_databricks_lakehouse_placeholder to None, run_after=None
[2026-06-15T20:34:40.009+0000] {processor.py:183} INFO - Processing /opt/airflow/dags/seip_databricks_lakehouse_placeholder.py took 0.079 seconds
[2026-06-15T20:35:10.194+0000] {processor.py:161} INFO - Started process (PID=424) to work on /opt/airflow/dags/seip_databricks_lakehouse_placeholder.py
[2026-06-15T20:35:10.195+0000] {processor.py:830} INFO - Processing file /opt/airflow/dags/seip_databricks_lakehouse_placeholder.py for tasks to queue
[2026-06-15T20:35:10.197+0000] {logging_mixin.py:188} INFO - [2026-06-15T20:35:10.197+0000] {dagbag.py:545} INFO - Filling up the DagBag from /opt/airflow/dags/seip_databricks_lakehouse_placeholder.py
[2026-06-15T20:35:10.211+0000] {processor.py:840} INFO - DAG(s) 'seip_databricks_lakehouse_placeholder' retrieved from /opt/airflow/dags/seip_databricks_lakehouse_placeholder.py
[2026-06-15T20:35:10.238+0000] {logging_mixin.py:188} INFO - [2026-06-15T20:35:10.238+0000] {dag.py:3089} INFO - Sync 1 DAGs
[2026-06-15T20:35:10.248+0000] {logging_mixin.py:188} INFO - [2026-06-15T20:35:10.248+0000] {dag.py:3947} INFO - Setting next_dagrun for seip_databricks_lakehouse_placeholder to None, run_after=None
[2026-06-15T20:35:10.272+0000] {processor.py:183} INFO - Processing /opt/airflow/dags/seip_databricks_lakehouse_placeholder.py took 0.082 seconds
[2026-06-15T20:35:40.398+0000] {processor.py:161} INFO - Started process (PID=429) to work on /opt/airflow/dags/seip_databricks_lakehouse_placeholder.py
[2026-06-15T20:35:40.400+0000] {processor.py:830} INFO - Processing file /opt/airflow/dags/seip_databricks_lakehouse_placeholder.py for tasks to queue
[2026-06-15T20:35:40.402+0000] {logging_mixin.py:188} INFO - [2026-06-15T20:35:40.401+0000] {dagbag.py:545} INFO - Filling up the DagBag from /opt/airflow/dags/seip_databricks_lakehouse_placeholder.py
[2026-06-15T20:35:40.416+0000] {processor.py:840} INFO - DAG(s) 'seip_databricks_lakehouse_placeholder' retrieved from /opt/airflow/dags/seip_databricks_lakehouse_placeholder.py
[2026-06-15T20:35:40.449+0000] {logging_mixin.py:188} INFO - [2026-06-15T20:35:40.448+0000] {dag.py:3089} INFO - Sync 1 DAGs
[2026-06-15T20:35:40.463+0000] {logging_mixin.py:188} INFO - [2026-06-15T20:35:40.462+0000] {dag.py:3947} INFO - Setting next_dagrun for seip_databricks_lakehouse_placeholder to None, run_after=None
[2026-06-15T20:35:40.493+0000] {processor.py:183} INFO - Processing /opt/airflow/dags/seip_databricks_lakehouse_placeholder.py took 0.100 seconds
[2026-06-15T20:36:10.626+0000] {processor.py:161} INFO - Started process (PID=434) to work on /opt/airflow/dags/seip_databricks_lakehouse_placeholder.py
[2026-06-15T20:36:10.627+0000] {processor.py:830} INFO - Processing file /opt/airflow/dags/seip_databricks_lakehouse_placeholder.py for tasks to queue
[2026-06-15T20:36:10.629+0000] {logging_mixin.py:188} INFO - [2026-06-15T20:36:10.629+0000] {dagbag.py:545} INFO - Filling up the DagBag from /opt/airflow/dags/seip_databricks_lakehouse_placeholder.py
[2026-06-15T20:36:10.644+0000] {processor.py:840} INFO - DAG(s) 'seip_databricks_lakehouse_placeholder' retrieved from /opt/airflow/dags/seip_databricks_lakehouse_placeholder.py
[2026-06-15T20:36:10.679+0000] {logging_mixin.py:188} INFO - [2026-06-15T20:36:10.678+0000] {dag.py:3089} INFO - Sync 1 DAGs
[2026-06-15T20:36:10.694+0000] {logging_mixin.py:188} INFO - [2026-06-15T20:36:10.694+0000] {dag.py:3947} INFO - Setting next_dagrun for seip_databricks_lakehouse_placeholder to None, run_after=None
[2026-06-15T20:36:10.721+0000] {processor.py:183} INFO - Processing /opt/airflow/dags/seip_databricks_lakehouse_placeholder.py took 0.102 seconds
[2026-06-15T20:36:40.869+0000] {processor.py:161} INFO - Started process (PID=439) to work on /opt/airflow/dags/seip_databricks_lakehouse_placeholder.py
[2026-06-15T20:36:40.896+0000] {processor.py:830} INFO - Processing file /opt/airflow/dags/seip_databricks_lakehouse_placeholder.py for tasks to queue
[2026-06-15T20:36:40.936+0000] {logging_mixin.py:188} INFO - [2026-06-15T20:36:40.935+0000] {dagbag.py:545} INFO - Filling up the DagBag from /opt/airflow/dags/seip_databricks_lakehouse_placeholder.py
[2026-06-15T20:36:41.094+0000] {processor.py:840} INFO - DAG(s) 'seip_databricks_lakehouse_placeholder' retrieved from /opt/airflow/dags/seip_databricks_lakehouse_placeholder.py
[2026-06-15T20:36:41.189+0000] {logging_mixin.py:188} INFO - [2026-06-15T20:36:41.188+0000] {dag.py:3089} INFO - Sync 1 DAGs
[2026-06-15T20:36:41.276+0000] {logging_mixin.py:188} INFO - [2026-06-15T20:36:41.276+0000] {dag.py:3947} INFO - Setting next_dagrun for seip_databricks_lakehouse_placeholder to None, run_after=None
[2026-06-15T20:36:41.363+0000] {processor.py:183} INFO - Processing /opt/airflow/dags/seip_databricks_lakehouse_placeholder.py took 0.501 seconds
[2026-06-15T20:37:11.574+0000] {processor.py:161} INFO - Started process (PID=444) to work on /opt/airflow/dags/seip_databricks_lakehouse_placeholder.py
[2026-06-15T20:37:11.575+0000] {processor.py:830} INFO - Processing file /opt/airflow/dags/seip_databricks_lakehouse_placeholder.py for tasks to queue
[2026-06-15T20:37:11.577+0000] {logging_mixin.py:188} INFO - [2026-06-15T20:37:11.577+0000] {dagbag.py:545} INFO - Filling up the DagBag from /opt/airflow/dags/seip_databricks_lakehouse_placeholder.py
[2026-06-15T20:37:11.590+0000] {processor.py:840} INFO - DAG(s) 'seip_databricks_lakehouse_placeholder' retrieved from /opt/airflow/dags/seip_databricks_lakehouse_placeholder.py
[2026-06-15T20:37:11.618+0000] {logging_mixin.py:188} INFO - [2026-06-15T20:37:11.617+0000] {dag.py:3089} INFO - Sync 1 DAGs
[2026-06-15T20:37:11.629+0000] {logging_mixin.py:188} INFO - [2026-06-15T20:37:11.628+0000] {dag.py:3947} INFO - Setting next_dagrun for seip_databricks_lakehouse_placeholder to None, run_after=None
[2026-06-15T20:37:11.654+0000] {processor.py:183} INFO - Processing /opt/airflow/dags/seip_databricks_lakehouse_placeholder.py took 0.084 seconds
[2026-06-15T20:37:41.767+0000] {processor.py:161} INFO - Started process (PID=449) to work on /opt/airflow/dags/seip_databricks_lakehouse_placeholder.py
[2026-06-15T20:37:41.768+0000] {processor.py:830} INFO - Processing file /opt/airflow/dags/seip_databricks_lakehouse_placeholder.py for tasks to queue
[2026-06-15T20:37:41.770+0000] {logging_mixin.py:188} INFO - [2026-06-15T20:37:41.769+0000] {dagbag.py:545} INFO - Filling up the DagBag from /opt/airflow/dags/seip_databricks_lakehouse_placeholder.py
[2026-06-15T20:37:41.784+0000] {processor.py:840} INFO - DAG(s) 'seip_databricks_lakehouse_placeholder' retrieved from /opt/airflow/dags/seip_databricks_lakehouse_placeholder.py
[2026-06-15T20:37:41.813+0000] {logging_mixin.py:188} INFO - [2026-06-15T20:37:41.813+0000] {dag.py:3089} INFO - Sync 1 DAGs
[2026-06-15T20:37:41.824+0000] {logging_mixin.py:188} INFO - [2026-06-15T20:37:41.824+0000] {dag.py:3947} INFO - Setting next_dagrun for seip_databricks_lakehouse_placeholder to None, run_after=None
[2026-06-15T20:37:41.840+0000] {processor.py:183} INFO - Processing /opt/airflow/dags/seip_databricks_lakehouse_placeholder.py took 0.078 seconds
[2026-06-15T20:38:12.009+0000] {processor.py:161} INFO - Started process (PID=454) to work on /opt/airflow/dags/seip_databricks_lakehouse_placeholder.py
[2026-06-15T20:38:12.010+0000] {processor.py:830} INFO - Processing file /opt/airflow/dags/seip_databricks_lakehouse_placeholder.py for tasks to queue
[2026-06-15T20:38:12.013+0000] {logging_mixin.py:188} INFO - [2026-06-15T20:38:12.012+0000] {dagbag.py:545} INFO - Filling up the DagBag from /opt/airflow/dags/seip_databricks_lakehouse_placeholder.py
[2026-06-15T20:38:12.032+0000] {processor.py:840} INFO - DAG(s) 'seip_databricks_lakehouse_placeholder' retrieved from /opt/airflow/dags/seip_databricks_lakehouse_placeholder.py
[2026-06-15T20:38:12.068+0000] {logging_mixin.py:188} INFO - [2026-06-15T20:38:12.067+0000] {dag.py:3089} INFO - Sync 1 DAGs
[2026-06-15T20:38:12.081+0000] {logging_mixin.py:188} INFO - [2026-06-15T20:38:12.081+0000] {dag.py:3947} INFO - Setting next_dagrun for seip_databricks_lakehouse_placeholder to None, run_after=None
[2026-06-15T20:38:12.101+0000] {processor.py:183} INFO - Processing /opt/airflow/dags/seip_databricks_lakehouse_placeholder.py took 0.097 seconds
[2026-06-15T20:38:42.239+0000] {processor.py:161} INFO - Started process (PID=459) to work on /opt/airflow/dags/seip_databricks_lakehouse_placeholder.py
[2026-06-15T20:38:42.240+0000] {processor.py:830} INFO - Processing file /opt/airflow/dags/seip_databricks_lakehouse_placeholder.py for tasks to queue
[2026-06-15T20:38:42.242+0000] {logging_mixin.py:188} INFO - [2026-06-15T20:38:42.242+0000] {dagbag.py:545} INFO - Filling up the DagBag from /opt/airflow/dags/seip_databricks_lakehouse_placeholder.py
[2026-06-15T20:38:42.258+0000] {processor.py:840} INFO - DAG(s) 'seip_databricks_lakehouse_placeholder' retrieved from /opt/airflow/dags/seip_databricks_lakehouse_placeholder.py
[2026-06-15T20:38:42.288+0000] {logging_mixin.py:188} INFO - [2026-06-15T20:38:42.288+0000] {dag.py:3089} INFO - Sync 1 DAGs
[2026-06-15T20:38:42.301+0000] {logging_mixin.py:188} INFO - [2026-06-15T20:38:42.301+0000] {dag.py:3947} INFO - Setting next_dagrun for seip_databricks_lakehouse_placeholder to None, run_after=None
[2026-06-15T20:38:42.320+0000] {processor.py:183} INFO - Processing /opt/airflow/dags/seip_databricks_lakehouse_placeholder.py took 0.087 seconds
[2026-06-15T20:39:12.510+0000] {processor.py:161} INFO - Started process (PID=464) to work on /opt/airflow/dags/seip_databricks_lakehouse_placeholder.py
[2026-06-15T20:39:12.511+0000] {processor.py:830} INFO - Processing file /opt/airflow/dags/seip_databricks_lakehouse_placeholder.py for tasks to queue
[2026-06-15T20:39:12.514+0000] {logging_mixin.py:188} INFO - [2026-06-15T20:39:12.513+0000] {dagbag.py:545} INFO - Filling up the DagBag from /opt/airflow/dags/seip_databricks_lakehouse_placeholder.py
[2026-06-15T20:39:12.528+0000] {processor.py:840} INFO - DAG(s) 'seip_databricks_lakehouse_placeholder' retrieved from /opt/airflow/dags/seip_databricks_lakehouse_placeholder.py
[2026-06-15T20:39:12.561+0000] {logging_mixin.py:188} INFO - [2026-06-15T20:39:12.560+0000] {dag.py:3089} INFO - Sync 1 DAGs
[2026-06-15T20:39:12.572+0000] {logging_mixin.py:188} INFO - [2026-06-15T20:39:12.572+0000] {dag.py:3947} INFO - Setting next_dagrun for seip_databricks_lakehouse_placeholder to None, run_after=None
[2026-06-15T20:39:12.589+0000] {processor.py:183} INFO - Processing /opt/airflow/dags/seip_databricks_lakehouse_placeholder.py took 0.084 seconds
[2026-06-15T20:39:42.737+0000] {processor.py:161} INFO - Started process (PID=469) to work on /opt/airflow/dags/seip_databricks_lakehouse_placeholder.py
[2026-06-15T20:39:42.738+0000] {processor.py:830} INFO - Processing file /opt/airflow/dags/seip_databricks_lakehouse_placeholder.py for tasks to queue
[2026-06-15T20:39:42.740+0000] {logging_mixin.py:188} INFO - [2026-06-15T20:39:42.740+0000] {dagbag.py:545} INFO - Filling up the DagBag from /opt/airflow/dags/seip_databricks_lakehouse_placeholder.py
[2026-06-15T20:39:42.757+0000] {processor.py:840} INFO - DAG(s) 'seip_databricks_lakehouse_placeholder' retrieved from /opt/airflow/dags/seip_databricks_lakehouse_placeholder.py
[2026-06-15T20:39:42.793+0000] {logging_mixin.py:188} INFO - [2026-06-15T20:39:42.792+0000] {dag.py:3089} INFO - Sync 1 DAGs
[2026-06-15T20:39:42.805+0000] {logging_mixin.py:188} INFO - [2026-06-15T20:39:42.805+0000] {dag.py:3947} INFO - Setting next_dagrun for seip_databricks_lakehouse_placeholder to None, run_after=None
[2026-06-15T20:39:42.834+0000] {processor.py:183} INFO - Processing /opt/airflow/dags/seip_databricks_lakehouse_placeholder.py took 0.105 seconds
[2026-06-15T20:48:35.427+0000] {processor.py:161} INFO - Started process (PID=163) to work on /opt/airflow/dags/seip_databricks_lakehouse_placeholder.py
[2026-06-15T20:48:35.429+0000] {processor.py:830} INFO - Processing file /opt/airflow/dags/seip_databricks_lakehouse_placeholder.py for tasks to queue
[2026-06-15T20:48:35.434+0000] {logging_mixin.py:188} INFO - [2026-06-15T20:48:35.433+0000] {dagbag.py:545} INFO - Filling up the DagBag from /opt/airflow/dags/seip_databricks_lakehouse_placeholder.py
[2026-06-15T20:48:35.477+0000] {processor.py:840} INFO - DAG(s) 'seip_databricks_lakehouse_placeholder' retrieved from /opt/airflow/dags/seip_databricks_lakehouse_placeholder.py
[2026-06-15T20:48:35.547+0000] {logging_mixin.py:188} INFO - [2026-06-15T20:48:35.546+0000] {dag.py:3089} INFO - Sync 1 DAGs
[2026-06-15T20:48:35.562+0000] {logging_mixin.py:188} INFO - [2026-06-15T20:48:35.562+0000] {dag.py:3947} INFO - Setting next_dagrun for seip_databricks_lakehouse_placeholder to None, run_after=None
[2026-06-15T20:48:35.589+0000] {processor.py:183} INFO - Processing /opt/airflow/dags/seip_databricks_lakehouse_placeholder.py took 0.179 seconds
[2026-06-15T20:49:05.661+0000] {processor.py:161} INFO - Started process (PID=169) to work on /opt/airflow/dags/seip_databricks_lakehouse_placeholder.py
[2026-06-15T20:49:05.662+0000] {processor.py:830} INFO - Processing file /opt/airflow/dags/seip_databricks_lakehouse_placeholder.py for tasks to queue
[2026-06-15T20:49:05.664+0000] {logging_mixin.py:188} INFO - [2026-06-15T20:49:05.664+0000] {dagbag.py:545} INFO - Filling up the DagBag from /opt/airflow/dags/seip_databricks_lakehouse_placeholder.py
[2026-06-15T20:49:05.679+0000] {processor.py:840} INFO - DAG(s) 'seip_databricks_lakehouse_placeholder' retrieved from /opt/airflow/dags/seip_databricks_lakehouse_placeholder.py
[2026-06-15T20:49:05.711+0000] {logging_mixin.py:188} INFO - [2026-06-15T20:49:05.710+0000] {dag.py:3089} INFO - Sync 1 DAGs
[2026-06-15T20:49:05.723+0000] {logging_mixin.py:188} INFO - [2026-06-15T20:49:05.722+0000] {dag.py:3947} INFO - Setting next_dagrun for seip_databricks_lakehouse_placeholder to None, run_after=None
[2026-06-15T20:49:05.741+0000] {processor.py:183} INFO - Processing /opt/airflow/dags/seip_databricks_lakehouse_placeholder.py took 0.086 seconds
