[2026-06-23T12:11:49.484+0000] {local_task_job_runner.py:120} INFO - ::group::Pre task execution logs
[2026-06-23T12:11:49.542+0000] {taskinstance.py:2076} INFO - Dependencies all met for dep_context=non-requeueable deps ti=<TaskInstance: seip_job_seeker_pipeline.load_job_seekers scheduled__2026-06-20T00:00:00+00:00 [queued]>
[2026-06-23T12:11:49.558+0000] {taskinstance.py:2076} INFO - Dependencies all met for dep_context=requeueable deps ti=<TaskInstance: seip_job_seeker_pipeline.load_job_seekers scheduled__2026-06-20T00:00:00+00:00 [queued]>
[2026-06-23T12:11:49.973+0000] {taskinstance.py:2306} INFO - Starting attempt 2 of 2
[2026-06-23T12:11:50.697+0000] {taskinstance.py:2330} INFO - Executing <Task(PythonOperator): load_job_seekers> on 2026-06-20 00:00:00+00:00
[2026-06-23T12:11:50.706+0000] {standard_task_runner.py:90} INFO - Running: ['airflow', 'tasks', 'run', 'seip_job_seeker_pipeline', 'load_job_seekers', 'scheduled__2026-06-20T00:00:00+00:00', '--job-id', '19', '--raw', '--subdir', 'DAGS_FOLDER/seip_job_seeker_pipeline.py', '--cfg-path', '/tmp/tmpobvo0g36']
[2026-06-23T12:11:50.710+0000] {standard_task_runner.py:91} INFO - Job 19: Subtask load_job_seekers
[2026-06-23T12:11:50.712+0000] {logging_mixin.py:188} WARNING - /home/airflow/.local/lib/python3.12/site-packages/airflow/task/task_runner/standard_task_runner.py:62 DeprecationWarning: This process (pid=195) is multi-threaded, use of fork() may lead to deadlocks in the child.
[2026-06-23T12:11:50.714+0000] {standard_task_runner.py:64} INFO - Started process 203 to run task
[2026-06-23T12:11:51.297+0000] {task_command.py:426} INFO - Running <TaskInstance: seip_job_seeker_pipeline.load_job_seekers scheduled__2026-06-20T00:00:00+00:00 [running]> on host 67a30458eaf9
[2026-06-23T12:11:58.264+0000] {taskinstance.py:2648} INFO - Exporting env vars: AIRFLOW_CTX_DAG_OWNER='airflow' AIRFLOW_CTX_DAG_ID='seip_job_seeker_pipeline' AIRFLOW_CTX_TASK_ID='load_job_seekers' AIRFLOW_CTX_EXECUTION_DATE='2026-06-20T00:00:00+00:00' AIRFLOW_CTX_TRY_NUMBER='2' AIRFLOW_CTX_DAG_RUN_ID='scheduled__2026-06-20T00:00:00+00:00'
[2026-06-23T12:11:58.266+0000] {taskinstance.py:430} INFO - ::endgroup::
[2026-06-23T12:11:58.565+0000] {taskinstance.py:441} INFO - ::group::Post task execution logs
[2026-06-23T12:11:58.566+0000] {taskinstance.py:2905} ERROR - Task failed with exception
Traceback (most recent call last):
  File "/home/airflow/.local/lib/python3.12/site-packages/airflow/models/taskinstance.py", line 465, in _execute_task
    result = _execute_callable(context=context, **execute_callable_kwargs)
             ^^^^^^^^^^^^^^^^^^^^^^^^^^^^^^^^^^^^^^^^^^^^^^^^^^^^^^^^^^^^^
  File "/home/airflow/.local/lib/python3.12/site-packages/airflow/models/taskinstance.py", line 432, in _execute_callable
    return execute_callable(context=context, **execute_callable_kwargs)
           ^^^^^^^^^^^^^^^^^^^^^^^^^^^^^^^^^^^^^^^^^^^^^^^^^^^^^^^^^^^^
  File "/home/airflow/.local/lib/python3.12/site-packages/airflow/models/baseoperator.py", line 401, in wrapper
    return func(self, *args, **kwargs)
           ^^^^^^^^^^^^^^^^^^^^^^^^^^^
  File "/home/airflow/.local/lib/python3.12/site-packages/airflow/operators/python.py", line 235, in execute
    return_value = self.execute_callable()
                   ^^^^^^^^^^^^^^^^^^^^^^^
  File "/home/airflow/.local/lib/python3.12/site-packages/airflow/operators/python.py", line 252, in execute_callable
    return self.python_callable(*self.op_args, **self.op_kwargs)
           ^^^^^^^^^^^^^^^^^^^^^^^^^^^^^^^^^^^^^^^^^^^^^^^^^^^^^
  File "/opt/airflow/dags/seip_job_seeker_pipeline.py", line 11, in run_job_seeker_etl
    subprocess.run(
  File "/usr/local/lib/python3.12/subprocess.py", line 571, in run
    raise CalledProcessError(retcode, process.args,
subprocess.CalledProcessError: Command '['python', 'run_phase_3b_job_seeker_to_postgres.py']' returned non-zero exit status 2.
[2026-06-23T12:11:58.695+0000] {taskinstance.py:1206} INFO - Marking task as FAILED. dag_id=seip_job_seeker_pipeline, task_id=load_job_seekers, run_id=scheduled__2026-06-20T00:00:00+00:00, execution_date=20260620T000000, start_date=20260623T121149, end_date=20260623T121158
[2026-06-23T12:11:59.059+0000] {standard_task_runner.py:110} ERROR - Failed to execute job 19 for task load_job_seekers ((psycopg2.errors.ForeignKeyViolation) insert or update on table "task_fail" violates foreign key constraint "task_fail_ti_fkey"
DETAIL:  Key (dag_id, task_id, run_id, map_index)=(seip_job_seeker_pipeline, load_job_seekers, scheduled__2026-06-20T00:00:00+00:00, -1) is not present in table "task_instance".

[SQL: INSERT INTO task_fail (task_id, dag_id, run_id, map_index, start_date, end_date, duration) VALUES (%(task_id)s, %(dag_id)s, %(run_id)s, %(map_index)s, %(start_date)s, %(end_date)s, %(duration)s) RETURNING task_fail.id]
[parameters: {'task_id': 'load_job_seekers', 'dag_id': 'seip_job_seeker_pipeline', 'run_id': 'scheduled__2026-06-20T00:00:00+00:00', 'map_index': -1, 'start_date': datetime.datetime(2026, 6, 23, 12, 11, 49, 544408, tzinfo=Timezone('UTC')), 'end_date': datetime.datetime(2026, 6, 23, 12, 11, 58, 694815, tzinfo=Timezone('UTC')), 'duration': 9}]
(Background on this error at: https://sqlalche.me/e/14/gkpj); 203)
[2026-06-23T12:11:59.069+0000] {local_task_job_runner.py:243} INFO - Task exited with return code 1
[2026-06-23T12:11:59.082+0000] {local_task_job_runner.py:222} INFO - ::endgroup::
